2023/09/18 15:34:58 [error] [exception.CHttpException.403] CHttpException: Token CSRF tidak bisa diverifikasi. in D:\laragon\www\adinda-modis\plansys\components\utility\WebRequest.php:73
Stack trace:
#0 D:\laragon\www\adinda-modis\plansys\framework\base\CComponent.php(561): WebRequest->validateCsrfToken(Object(CEvent))
#1 D:\laragon\www\adinda-modis\plansys\framework\base\CApplication.php(212): CComponent->raiseEvent('onbeginrequest', Object(CEvent))
#2 D:\laragon\www\adinda-modis\plansys\framework\base\CApplication.php(183): CApplication->onBeginRequest(Object(CEvent))
#3 D:\laragon\www\adinda-modis\index.php(33): CApplication->run()
#4 {main}
REQUEST_URI=/index.php?r=dev/forms/save&class=app.forms.AppLogin&timestamp=1695007477
HTTP_REFERER=http://adinda-modis.test/index.php?r=/dev/forms/update&class=app.forms.AppLogin
---
2023/09/18 15:35:01 [error] [exception.CHttpException.403] CHttpException: Token CSRF tidak bisa diverifikasi. in D:\laragon\www\adinda-modis\plansys\components\utility\WebRequest.php:73
Stack trace:
#0 D:\laragon\www\adinda-modis\plansys\framework\base\CComponent.php(561): WebRequest->validateCsrfToken(Object(CEvent))
#1 D:\laragon\www\adinda-modis\plansys\framework\base\CApplication.php(212): CComponent->raiseEvent('onbeginrequest', Object(CEvent))
#2 D:\laragon\www\adinda-modis\plansys\framework\base\CApplication.php(183): CApplication->onBeginRequest(Object(CEvent))
#3 D:\laragon\www\adinda-modis\index.php(33): CApplication->run()
#4 {main}
REQUEST_URI=/index.php?r=dev/forms/save&class=app.forms.AppLogin&timestamp=1695007477
HTTP_REFERER=http://adinda-modis.test/index.php?r=/dev/forms/update&class=app.forms.AppLogin
---
2023/09/18 15:35:01 [error] [exception.CHttpException.403] CHttpException: Token CSRF tidak bisa diverifikasi. in D:\laragon\www\adinda-modis\plansys\components\utility\WebRequest.php:73
Stack trace:
#0 D:\laragon\www\adinda-modis\plansys\framework\base\CComponent.php(561): WebRequest->validateCsrfToken(Object(CEvent))
#1 D:\laragon\www\adinda-modis\plansys\framework\base\CApplication.php(212): CComponent->raiseEvent('onbeginrequest', Object(CEvent))
#2 D:\laragon\www\adinda-modis\plansys\framework\base\CApplication.php(183): CApplication->onBeginRequest(Object(CEvent))
#3 D:\laragon\www\adinda-modis\index.php(33): CApplication->run()
#4 {main}
REQUEST_URI=/index.php?r=dev/forms/save&class=app.forms.AppLogin&timestamp=1695007477
HTTP_REFERER=http://adinda-modis.test/index.php?r=/dev/forms/update&class=app.forms.AppLogin
---
2023/09/18 15:35:02 [error] [exception.CHttpException.403] CHttpException: Token CSRF tidak bisa diverifikasi. in D:\laragon\www\adinda-modis\plansys\components\utility\WebRequest.php:73
Stack trace:
#0 D:\laragon\www\adinda-modis\plansys\framework\base\CComponent.php(561): WebRequest->validateCsrfToken(Object(CEvent))
#1 D:\laragon\www\adinda-modis\plansys\framework\base\CApplication.php(212): CComponent->raiseEvent('onbeginrequest', Object(CEvent))
#2 D:\laragon\www\adinda-modis\plansys\framework\base\CApplication.php(183): CApplication->onBeginRequest(Object(CEvent))
#3 D:\laragon\www\adinda-modis\index.php(33): CApplication->run()
#4 {main}
REQUEST_URI=/index.php?r=dev/forms/save&class=app.forms.AppLogin&timestamp=1695007477
HTTP_REFERER=http://adinda-modis.test/index.php?r=/dev/forms/update&class=app.forms.AppLogin
---
2023/09/18 15:35:02 [error] [exception.CHttpException.403] CHttpException: Token CSRF tidak bisa diverifikasi. in D:\laragon\www\adinda-modis\plansys\components\utility\WebRequest.php:73
Stack trace:
#0 D:\laragon\www\adinda-modis\plansys\framework\base\CComponent.php(561): WebRequest->validateCsrfToken(Object(CEvent))
#1 D:\laragon\www\adinda-modis\plansys\framework\base\CApplication.php(212): CComponent->raiseEvent('onbeginrequest', Object(CEvent))
#2 D:\laragon\www\adinda-modis\plansys\framework\base\CApplication.php(183): CApplication->onBeginRequest(Object(CEvent))
#3 D:\laragon\www\adinda-modis\index.php(33): CApplication->run()
#4 {main}
REQUEST_URI=/index.php?r=dev/forms/save&class=app.forms.AppLogin&timestamp=1695007477
HTTP_REFERER=http://adinda-modis.test/index.php?r=/dev/forms/update&class=app.forms.AppLogin
---
2023/09/18 15:35:05 [error] [exception.CHttpException.403] CHttpException: Token CSRF tidak bisa diverifikasi. in D:\laragon\www\adinda-modis\plansys\components\utility\WebRequest.php:73
Stack trace:
#0 D:\laragon\www\adinda-modis\plansys\framework\base\CComponent.php(561): WebRequest->validateCsrfToken(Object(CEvent))
#1 D:\laragon\www\adinda-modis\plansys\framework\base\CApplication.php(212): CComponent->raiseEvent('onbeginrequest', Object(CEvent))
#2 D:\laragon\www\adinda-modis\plansys\framework\base\CApplication.php(183): CApplication->onBeginRequest(Object(CEvent))
#3 D:\laragon\www\adinda-modis\index.php(33): CApplication->run()
#4 {main}
REQUEST_URI=/index.php?r=dev/forms/save&class=app.forms.AppLogin&timestamp=1695007477
HTTP_REFERER=http://adinda-modis.test/index.php?r=/dev/forms/update&class=app.forms.AppLogin
---
2023/09/18 15:35:06 [error] [exception.CHttpException.403] CHttpException: Token CSRF tidak bisa diverifikasi. in D:\laragon\www\adinda-modis\plansys\components\utility\WebRequest.php:73
Stack trace:
#0 D:\laragon\www\adinda-modis\plansys\framework\base\CComponent.php(561): WebRequest->validateCsrfToken(Object(CEvent))
#1 D:\laragon\www\adinda-modis\plansys\framework\base\CApplication.php(212): CComponent->raiseEvent('onbeginrequest', Object(CEvent))
#2 D:\laragon\www\adinda-modis\plansys\framework\base\CApplication.php(183): CApplication->onBeginRequest(Object(CEvent))
#3 D:\laragon\www\adinda-modis\index.php(33): CApplication->run()
#4 {main}
REQUEST_URI=/index.php?r=dev/forms/save&class=app.forms.AppLogin&timestamp=1695007477
HTTP_REFERER=http://adinda-modis.test/index.php?r=/dev/forms/update&class=app.forms.AppLogin
---
2023/09/18 15:41:04 [error] [exception.CHttpException.403] CHttpException: Token CSRF tidak bisa diverifikasi. in D:\laragon\www\adinda-modis\plansys\components\utility\WebRequest.php:73
Stack trace:
#0 D:\laragon\www\adinda-modis\plansys\framework\base\CComponent.php(561): WebRequest->validateCsrfToken(Object(CEvent))
#1 D:\laragon\www\adinda-modis\plansys\framework\base\CApplication.php(212): CComponent->raiseEvent('onbeginrequest', Object(CEvent))
#2 D:\laragon\www\adinda-modis\plansys\framework\base\CApplication.php(183): CApplication->onBeginRequest(Object(CEvent))
#3 D:\laragon\www\adinda-modis\index.php(33): CApplication->run()
#4 {main}
REQUEST_URI=/index.php?r=dev/forms/save&class=app.modules.admin.forms.master.matriksPerencanaanAspek.AdminMatriksPerencanaanAspekForm&timestamp=1694750872
HTTP_REFERER=http://adinda-modis.test/index.php?r=dev/forms/update&class=app.modules.admin.forms.master.matriksPerencanaanAspek.AdminMatriksPerencanaanAspekForm
---
2023/09/18 15:41:06 [error] [exception.CHttpException.403] CHttpException: Token CSRF tidak bisa diverifikasi. in D:\laragon\www\adinda-modis\plansys\components\utility\WebRequest.php:73
Stack trace:
#0 D:\laragon\www\adinda-modis\plansys\framework\base\CComponent.php(561): WebRequest->validateCsrfToken(Object(CEvent))
#1 D:\laragon\www\adinda-modis\plansys\framework\base\CApplication.php(212): CComponent->raiseEvent('onbeginrequest', Object(CEvent))
#2 D:\laragon\www\adinda-modis\plansys\framework\base\CApplication.php(183): CApplication->onBeginRequest(Object(CEvent))
#3 D:\laragon\www\adinda-modis\index.php(33): CApplication->run()
#4 {main}
REQUEST_URI=/index.php?r=dev/forms/save&class=app.modules.admin.forms.master.matriksPerencanaanItem.AdminMatriksPerencanaanItemForm&timestamp=1694751237
HTTP_REFERER=http://adinda-modis.test/index.php?r=dev/forms/update&class=app.modules.admin.forms.master.matriksPerencanaanItem.AdminMatriksPerencanaanItemForm
---
2023/09/18 15:41:08 [error] [exception.CHttpException.403] CHttpException: Token CSRF tidak bisa diverifikasi. in D:\laragon\www\adinda-modis\plansys\components\utility\WebRequest.php:73
Stack trace:
#0 D:\laragon\www\adinda-modis\plansys\framework\base\CComponent.php(561): WebRequest->validateCsrfToken(Object(CEvent))
#1 D:\laragon\www\adinda-modis\plansys\framework\base\CApplication.php(212): CComponent->raiseEvent('onbeginrequest', Object(CEvent))
#2 D:\laragon\www\adinda-modis\plansys\framework\base\CApplication.php(183): CApplication->onBeginRequest(Object(CEvent))
#3 D:\laragon\www\adinda-modis\index.php(33): CApplication->run()
#4 {main}
REQUEST_URI=/index.php?r=dev/forms/save&class=app.forms.AppLogin&timestamp=1695007477
HTTP_REFERER=http://adinda-modis.test/index.php?r=/dev/forms/update&class=app.forms.AppLogin
---
2023/09/18 15:41:09 [error] [exception.CHttpException.403] CHttpException: Token CSRF tidak bisa diverifikasi. in D:\laragon\www\adinda-modis\plansys\components\utility\WebRequest.php:73
Stack trace:
#0 D:\laragon\www\adinda-modis\plansys\framework\base\CComponent.php(561): WebRequest->validateCsrfToken(Object(CEvent))
#1 D:\laragon\www\adinda-modis\plansys\framework\base\CApplication.php(212): CComponent->raiseEvent('onbeginrequest', Object(CEvent))
#2 D:\laragon\www\adinda-modis\plansys\framework\base\CApplication.php(183): CApplication->onBeginRequest(Object(CEvent))
#3 D:\laragon\www\adinda-modis\index.php(33): CApplication->run()
#4 {main}
REQUEST_URI=/index.php?r=dev/forms/save&class=app.forms.AppLogin&timestamp=1695007477
HTTP_REFERER=http://adinda-modis.test/index.php?r=/dev/forms/update&class=app.forms.AppLogin
---
2023/09/19 09:48:22 [error] [exception.Error] Error: Class 'FormsController' not found in D:\laragon\www\adinda-modis\plansys\components\ui\FormField.php(252) : eval()'d code:1
Stack trace:
#0 D:\laragon\www\adinda-modis\plansys\components\ui\FormField.php(252): eval()
#1 D:\laragon\www\adinda-modis\plansys\components\ui\FormField.php(228): FormField->evaluateExpression('FormsController...', Array)
#2 D:\laragon\www\adinda-modis\plansys\components\ui\FormFields\DropDownList.php(329): FormField->evaluate('FormsController...', true, Array)
#3 D:\laragon\www\adinda-modis\plansys\framework\web\actions\CInlineAction.php(49): DropDownList->actionProcessExpr()
#4 D:\laragon\www\adinda-modis\plansys\framework\web\CController.php(326): CInlineAction->runWithParams(Array)
#5 D:\laragon\www\adinda-modis\plansys\framework\web\CController.php(290): CController->runAction(Object(CInlineAction))
#6 D:\laragon\www\adinda-modis\plansys\framework\web\CController.php(268): CController->runActionWithFilters(Object(CInlineAction), Array)
#7 D:\laragon\www\adinda-modis\plansys\framework\web\CWebApplication.php(288): CController->run('DropDownList.pr...')
#8 D:\laragon\www\adinda-modis\plansys\framework\web\CWebApplication.php(141): CWebApplication->runController('formfield/DropD...')
#9 D:\laragon\www\adinda-modis\plansys\framework\base\CApplication.php(185): CWebApplication->processRequest()
#10 D:\laragon\www\adinda-modis\index.php(33): CApplication->run()
#11 {main}
REQUEST_URI=/index.php?r=formfield/DropDownList.processExpr
HTTP_REFERER=http://adinda-modis.test/index.php?r=dev/forms/update&class=app.modules.admin.forms.user.pegawai.AdminPegawaiForm
---
2023/09/19 09:48:44 [error] [exception.Error] Error: Class 'FormsController' not found in D:\laragon\www\adinda-modis\plansys\components\ui\FormField.php(252) : eval()'d code:1
Stack trace:
#0 D:\laragon\www\adinda-modis\plansys\components\ui\FormField.php(252): eval()
#1 D:\laragon\www\adinda-modis\plansys\components\ui\FormField.php(228): FormField->evaluateExpression('FormsController...', Array)
#2 D:\laragon\www\adinda-modis\plansys\components\ui\FormFields\DropDownList.php(329): FormField->evaluate('FormsController...', true, Array)
#3 D:\laragon\www\adinda-modis\plansys\framework\web\actions\CInlineAction.php(49): DropDownList->actionProcessExpr()
#4 D:\laragon\www\adinda-modis\plansys\framework\web\CController.php(326): CInlineAction->runWithParams(Array)
#5 D:\laragon\www\adinda-modis\plansys\framework\web\CController.php(290): CController->runAction(Object(CInlineAction))
#6 D:\laragon\www\adinda-modis\plansys\framework\web\CController.php(268): CController->runActionWithFilters(Object(CInlineAction), Array)
#7 D:\laragon\www\adinda-modis\plansys\framework\web\CWebApplication.php(288): CController->run('DropDownList.pr...')
#8 D:\laragon\www\adinda-modis\plansys\framework\web\CWebApplication.php(141): CWebApplication->runController('formfield/DropD...')
#9 D:\laragon\www\adinda-modis\plansys\framework\base\CApplication.php(185): CWebApplication->processRequest()
#10 D:\laragon\www\adinda-modis\index.php(33): CApplication->run()
#11 {main}
REQUEST_URI=/index.php?r=formfield/DropDownList.processExpr
HTTP_REFERER=http://adinda-modis.test/index.php?r=dev/forms/update&class=app.modules.admin.forms.intervensi.anak.AdminAnakForm
---
2023/09/19 09:50:07 [error] [exception.Error] Error: Class 'FormsController' not found in D:\laragon\www\adinda-modis\plansys\components\ui\FormField.php(252) : eval()'d code:1
Stack trace:
#0 D:\laragon\www\adinda-modis\plansys\components\ui\FormField.php(252): eval()
#1 D:\laragon\www\adinda-modis\plansys\components\ui\FormField.php(228): FormField->evaluateExpression('FormsController...', Array)
#2 D:\laragon\www\adinda-modis\plansys\components\ui\FormFields\DropDownList.php(329): FormField->evaluate('FormsController...', true, Array)
#3 D:\laragon\www\adinda-modis\plansys\framework\web\actions\CInlineAction.php(49): DropDownList->actionProcessExpr()
#4 D:\laragon\www\adinda-modis\plansys\framework\web\CController.php(326): CInlineAction->runWithParams(Array)
#5 D:\laragon\www\adinda-modis\plansys\framework\web\CController.php(290): CController->runAction(Object(CInlineAction))
#6 D:\laragon\www\adinda-modis\plansys\framework\web\CController.php(268): CController->runActionWithFilters(Object(CInlineAction), Array)
#7 D:\laragon\www\adinda-modis\plansys\framework\web\CWebApplication.php(288): CController->run('DropDownList.pr...')
#8 D:\laragon\www\adinda-modis\plansys\framework\web\CWebApplication.php(141): CWebApplication->runController('formfield/DropD...')
#9 D:\laragon\www\adinda-modis\plansys\framework\base\CApplication.php(185): CWebApplication->processRequest()
#10 D:\laragon\www\adinda-modis\index.php(33): CApplication->run()
#11 {main}
REQUEST_URI=/index.php?r=formfield/DropDownList.processExpr
HTTP_REFERER=http://adinda-modis.test/index.php?r=dev/forms/update&class=app.modules.admin.forms.intervensi.anak.AdminAnakForm
---
2023/09/19 09:50:45 [error] [exception.Error] Error: Class 'FormsController' not found in D:\laragon\www\adinda-modis\plansys\components\ui\FormField.php(252) : eval()'d code:1
Stack trace:
#0 D:\laragon\www\adinda-modis\plansys\components\ui\FormField.php(252): eval()
#1 D:\laragon\www\adinda-modis\plansys\components\ui\FormField.php(228): FormField->evaluateExpression('FormsController...', Array)
#2 D:\laragon\www\adinda-modis\plansys\components\ui\FormFields\DropDownList.php(329): FormField->evaluate('FormsController...', true, Array)
#3 D:\laragon\www\adinda-modis\plansys\framework\web\actions\CInlineAction.php(49): DropDownList->actionProcessExpr()
#4 D:\laragon\www\adinda-modis\plansys\framework\web\CController.php(326): CInlineAction->runWithParams(Array)
#5 D:\laragon\www\adinda-modis\plansys\framework\web\CController.php(290): CController->runAction(Object(CInlineAction))
#6 D:\laragon\www\adinda-modis\plansys\framework\web\CController.php(268): CController->runActionWithFilters(Object(CInlineAction), Array)
#7 D:\laragon\www\adinda-modis\plansys\framework\web\CWebApplication.php(288): CController->run('DropDownList.pr...')
#8 D:\laragon\www\adinda-modis\plansys\framework\web\CWebApplication.php(141): CWebApplication->runController('formfield/DropD...')
#9 D:\laragon\www\adinda-modis\plansys\framework\base\CApplication.php(185): CWebApplication->processRequest()
#10 D:\laragon\www\adinda-modis\index.php(33): CApplication->run()
#11 {main}
REQUEST_URI=/index.php?r=formfield/DropDownList.processExpr
HTTP_REFERER=http://adinda-modis.test/index.php?r=dev/forms/update&class=app.modules.admin.forms.intervensi.anak.AdminAnakForm
---
2023/09/19 09:51:00 [error] [exception.Error] Error: Class 'FormsController' not found in D:\laragon\www\adinda-modis\plansys\components\ui\FormField.php(252) : eval()'d code:1
Stack trace:
#0 D:\laragon\www\adinda-modis\plansys\components\ui\FormField.php(252): eval()
#1 D:\laragon\www\adinda-modis\plansys\components\ui\FormField.php(228): FormField->evaluateExpression('FormsController...', Array)
#2 D:\laragon\www\adinda-modis\plansys\components\ui\FormFields\DropDownList.php(329): FormField->evaluate('FormsController...', true, Array)
#3 D:\laragon\www\adinda-modis\plansys\framework\web\actions\CInlineAction.php(49): DropDownList->actionProcessExpr()
#4 D:\laragon\www\adinda-modis\plansys\framework\web\CController.php(326): CInlineAction->runWithParams(Array)
#5 D:\laragon\www\adinda-modis\plansys\framework\web\CController.php(290): CController->runAction(Object(CInlineAction))
#6 D:\laragon\www\adinda-modis\plansys\framework\web\CController.php(268): CController->runActionWithFilters(Object(CInlineAction), Array)
#7 D:\laragon\www\adinda-modis\plansys\framework\web\CWebApplication.php(288): CController->run('DropDownList.pr...')
#8 D:\laragon\www\adinda-modis\plansys\framework\web\CWebApplication.php(141): CWebApplication->runController('formfield/DropD...')
#9 D:\laragon\www\adinda-modis\plansys\framework\base\CApplication.php(185): CWebApplication->processRequest()
#10 D:\laragon\www\adinda-modis\index.php(33): CApplication->run()
#11 {main}
REQUEST_URI=/index.php?r=formfield/DropDownList.processExpr
HTTP_REFERER=http://adinda-modis.test/index.php?r=dev/forms/update&class=app.modules.admin.forms.intervensi.anak.AdminAnakForm
---
2023/09/19 09:51:07 [error] [exception.Error] Error: Class 'FormsController' not found in D:\laragon\www\adinda-modis\plansys\components\ui\FormField.php(252) : eval()'d code:1
Stack trace:
#0 D:\laragon\www\adinda-modis\plansys\components\ui\FormField.php(252): eval()
#1 D:\laragon\www\adinda-modis\plansys\components\ui\FormField.php(228): FormField->evaluateExpression('FormsController...', Array)
#2 D:\laragon\www\adinda-modis\plansys\components\ui\FormFields\DropDownList.php(329): FormField->evaluate('FormsController...', true, Array)
#3 D:\laragon\www\adinda-modis\plansys\framework\web\actions\CInlineAction.php(49): DropDownList->actionProcessExpr()
#4 D:\laragon\www\adinda-modis\plansys\framework\web\CController.php(326): CInlineAction->runWithParams(Array)
#5 D:\laragon\www\adinda-modis\plansys\framework\web\CController.php(290): CController->runAction(Object(CInlineAction))
#6 D:\laragon\www\adinda-modis\plansys\framework\web\CController.php(268): CController->runActionWithFilters(Object(CInlineAction), Array)
#7 D:\laragon\www\adinda-modis\plansys\framework\web\CWebApplication.php(288): CController->run('DropDownList.pr...')
#8 D:\laragon\www\adinda-modis\plansys\framework\web\CWebApplication.php(141): CWebApplication->runController('formfield/DropD...')
#9 D:\laragon\www\adinda-modis\plansys\framework\base\CApplication.php(185): CWebApplication->processRequest()
#10 D:\laragon\www\adinda-modis\index.php(33): CApplication->run()
#11 {main}
REQUEST_URI=/index.php?r=formfield/DropDownList.processExpr
HTTP_REFERER=http://adinda-modis.test/index.php?r=dev/forms/update&class=app.modules.admin.forms.intervensi.anak.AdminAnakForm
---
2023/09/19 09:51:07 [error] [exception.Error] Error: Class 'FormsController' not found in D:\laragon\www\adinda-modis\plansys\components\ui\FormField.php(252) : eval()'d code:1
Stack trace:
#0 D:\laragon\www\adinda-modis\plansys\components\ui\FormField.php(252): eval()
#1 D:\laragon\www\adinda-modis\plansys\components\ui\FormField.php(228): FormField->evaluateExpression('FormsController...', Array)
#2 D:\laragon\www\adinda-modis\plansys\components\ui\FormFields\DropDownList.php(329): FormField->evaluate('FormsController...', true, Array)
#3 D:\laragon\www\adinda-modis\plansys\framework\web\actions\CInlineAction.php(49): DropDownList->actionProcessExpr()
#4 D:\laragon\www\adinda-modis\plansys\framework\web\CController.php(326): CInlineAction->runWithParams(Array)
#5 D:\laragon\www\adinda-modis\plansys\framework\web\CController.php(290): CController->runAction(Object(CInlineAction))
#6 D:\laragon\www\adinda-modis\plansys\framework\web\CController.php(268): CController->runActionWithFilters(Object(CInlineAction), Array)
#7 D:\laragon\www\adinda-modis\plansys\framework\web\CWebApplication.php(288): CController->run('DropDownList.pr...')
#8 D:\laragon\www\adinda-modis\plansys\framework\web\CWebApplication.php(141): CWebApplication->runController('formfield/DropD...')
#9 D:\laragon\www\adinda-modis\plansys\framework\base\CApplication.php(185): CWebApplication->processRequest()
#10 D:\laragon\www\adinda-modis\index.php(33): CApplication->run()
#11 {main}
REQUEST_URI=/index.php?r=formfield/DropDownList.processExpr
HTTP_REFERER=http://adinda-modis.test/index.php?r=dev/forms/update&class=app.modules.admin.forms.intervensi.anak.AdminAnakForm
---
2023/09/19 09:53:51 [error] [exception.Error] Error: Class 'FormsController' not found in D:\laragon\www\adinda-modis\plansys\components\ui\FormField.php(252) : eval()'d code:1
Stack trace:
#0 D:\laragon\www\adinda-modis\plansys\components\ui\FormField.php(252): eval()
#1 D:\laragon\www\adinda-modis\plansys\components\ui\FormField.php(228): FormField->evaluateExpression('FormsController...', Array)
#2 D:\laragon\www\adinda-modis\plansys\components\ui\FormFields\DropDownList.php(329): FormField->evaluate('FormsController...', true, Array)
#3 D:\laragon\www\adinda-modis\plansys\framework\web\actions\CInlineAction.php(49): DropDownList->actionProcessExpr()
#4 D:\laragon\www\adinda-modis\plansys\framework\web\CController.php(326): CInlineAction->runWithParams(Array)
#5 D:\laragon\www\adinda-modis\plansys\framework\web\CController.php(290): CController->runAction(Object(CInlineAction))
#6 D:\laragon\www\adinda-modis\plansys\framework\web\CController.php(268): CController->runActionWithFilters(Object(CInlineAction), Array)
#7 D:\laragon\www\adinda-modis\plansys\framework\web\CWebApplication.php(288): CController->run('DropDownList.pr...')
#8 D:\laragon\www\adinda-modis\plansys\framework\web\CWebApplication.php(141): CWebApplication->runController('formfield/DropD...')
#9 D:\laragon\www\adinda-modis\plansys\framework\base\CApplication.php(185): CWebApplication->processRequest()
#10 D:\laragon\www\adinda-modis\index.php(33): CApplication->run()
#11 {main}
REQUEST_URI=/index.php?r=formfield/DropDownList.processExpr
HTTP_REFERER=http://adinda-modis.test/index.php?r=dev/forms/update&class=app.modules.admin.forms.intervensi.anak.AdminAnakForm
---
2023/09/19 09:53:53 [error] [exception.Error] Error: Class 'FormsController' not found in D:\laragon\www\adinda-modis\plansys\components\ui\FormField.php(252) : eval()'d code:1
Stack trace:
#0 D:\laragon\www\adinda-modis\plansys\components\ui\FormField.php(252): eval()
#1 D:\laragon\www\adinda-modis\plansys\components\ui\FormField.php(228): FormField->evaluateExpression('FormsController...', Array)
#2 D:\laragon\www\adinda-modis\plansys\components\ui\FormFields\DropDownList.php(329): FormField->evaluate('FormsController...', true, Array)
#3 D:\laragon\www\adinda-modis\plansys\framework\web\actions\CInlineAction.php(49): DropDownList->actionProcessExpr()
#4 D:\laragon\www\adinda-modis\plansys\framework\web\CController.php(326): CInlineAction->runWithParams(Array)
#5 D:\laragon\www\adinda-modis\plansys\framework\web\CController.php(290): CController->runAction(Object(CInlineAction))
#6 D:\laragon\www\adinda-modis\plansys\framework\web\CController.php(268): CController->runActionWithFilters(Object(CInlineAction), Array)
#7 D:\laragon\www\adinda-modis\plansys\framework\web\CWebApplication.php(288): CController->run('DropDownList.pr...')
#8 D:\laragon\www\adinda-modis\plansys\framework\web\CWebApplication.php(141): CWebApplication->runController('formfield/DropD...')
#9 D:\laragon\www\adinda-modis\plansys\framework\base\CApplication.php(185): CWebApplication->processRequest()
#10 D:\laragon\www\adinda-modis\index.php(33): CApplication->run()
#11 {main}
REQUEST_URI=/index.php?r=formfield/DropDownList.processExpr
HTTP_REFERER=http://adinda-modis.test/index.php?r=dev/forms/update&class=app.modules.admin.forms.intervensi.anak.AdminAnakForm
---
2023/09/19 09:53:54 [error] [exception.Error] Error: Class 'FormsController' not found in D:\laragon\www\adinda-modis\plansys\components\ui\FormField.php(252) : eval()'d code:1
Stack trace:
#0 D:\laragon\www\adinda-modis\plansys\components\ui\FormField.php(252): eval()
#1 D:\laragon\www\adinda-modis\plansys\components\ui\FormField.php(228): FormField->evaluateExpression('FormsController...', Array)
#2 D:\laragon\www\adinda-modis\plansys\components\ui\FormFields\DropDownList.php(329): FormField->evaluate('FormsController...', true, Array)
#3 D:\laragon\www\adinda-modis\plansys\framework\web\actions\CInlineAction.php(49): DropDownList->actionProcessExpr()
#4 D:\laragon\www\adinda-modis\plansys\framework\web\CController.php(326): CInlineAction->runWithParams(Array)
#5 D:\laragon\www\adinda-modis\plansys\framework\web\CController.php(290): CController->runAction(Object(CInlineAction))
#6 D:\laragon\www\adinda-modis\plansys\framework\web\CController.php(268): CController->runActionWithFilters(Object(CInlineAction), Array)
#7 D:\laragon\www\adinda-modis\plansys\framework\web\CWebApplication.php(288): CController->run('DropDownList.pr...')
#8 D:\laragon\www\adinda-modis\plansys\framework\web\CWebApplication.php(141): CWebApplication->runController('formfield/DropD...')
#9 D:\laragon\www\adinda-modis\plansys\framework\base\CApplication.php(185): CWebApplication->processRequest()
#10 D:\laragon\www\adinda-modis\index.php(33): CApplication->run()
#11 {main}
REQUEST_URI=/index.php?r=formfield/DropDownList.processExpr
HTTP_REFERER=http://adinda-modis.test/index.php?r=dev/forms/update&class=app.modules.admin.forms.intervensi.anak.AdminAnakForm
---
2023/09/19 09:54:09 [error] [exception.Error] Error: Class 'FormsController' not found in D:\laragon\www\adinda-modis\plansys\components\ui\FormField.php(252) : eval()'d code:1
Stack trace:
#0 D:\laragon\www\adinda-modis\plansys\components\ui\FormField.php(252): eval()
#1 D:\laragon\www\adinda-modis\plansys\components\ui\FormField.php(228): FormField->evaluateExpression('FormsController...', Array)
#2 D:\laragon\www\adinda-modis\plansys\components\ui\FormFields\DropDownList.php(329): FormField->evaluate('FormsController...', true, Array)
#3 D:\laragon\www\adinda-modis\plansys\framework\web\actions\CInlineAction.php(49): DropDownList->actionProcessExpr()
#4 D:\laragon\www\adinda-modis\plansys\framework\web\CController.php(326): CInlineAction->runWithParams(Array)
#5 D:\laragon\www\adinda-modis\plansys\framework\web\CController.php(290): CController->runAction(Object(CInlineAction))
#6 D:\laragon\www\adinda-modis\plansys\framework\web\CController.php(268): CController->runActionWithFilters(Object(CInlineAction), Array)
#7 D:\laragon\www\adinda-modis\plansys\framework\web\CWebApplication.php(288): CController->run('DropDownList.pr...')
#8 D:\laragon\www\adinda-modis\plansys\framework\web\CWebApplication.php(141): CWebApplication->runController('formfield/DropD...')
#9 D:\laragon\www\adinda-modis\plansys\framework\base\CApplication.php(185): CWebApplication->processRequest()
#10 D:\laragon\www\adinda-modis\index.php(33): CApplication->run()
#11 {main}
REQUEST_URI=/index.php?r=formfield/DropDownList.processExpr
HTTP_REFERER=http://adinda-modis.test/index.php?r=dev/forms/update&class=app.modules.admin.forms.intervensi.anak.AdminAnakForm
---
2023/09/19 09:54:53 [error] [exception.Error] Error: Class 'FormsController' not found in D:\laragon\www\adinda-modis\plansys\components\ui\FormField.php(252) : eval()'d code:1
Stack trace:
#0 D:\laragon\www\adinda-modis\plansys\components\ui\FormField.php(252): eval()
#1 D:\laragon\www\adinda-modis\plansys\components\ui\FormField.php(228): FormField->evaluateExpression('FormsController...', Array)
#2 D:\laragon\www\adinda-modis\plansys\components\ui\FormFields\DropDownList.php(329): FormField->evaluate('FormsController...', true, Array)
#3 D:\laragon\www\adinda-modis\plansys\framework\web\actions\CInlineAction.php(49): DropDownList->actionProcessExpr()
#4 D:\laragon\www\adinda-modis\plansys\framework\web\CController.php(326): CInlineAction->runWithParams(Array)
#5 D:\laragon\www\adinda-modis\plansys\framework\web\CController.php(290): CController->runAction(Object(CInlineAction))
#6 D:\laragon\www\adinda-modis\plansys\framework\web\CController.php(268): CController->runActionWithFilters(Object(CInlineAction), Array)
#7 D:\laragon\www\adinda-modis\plansys\framework\web\CWebApplication.php(288): CController->run('DropDownList.pr...')
#8 D:\laragon\www\adinda-modis\plansys\framework\web\CWebApplication.php(141): CWebApplication->runController('formfield/DropD...')
#9 D:\laragon\www\adinda-modis\plansys\framework\base\CApplication.php(185): CWebApplication->processRequest()
#10 D:\laragon\www\adinda-modis\index.php(33): CApplication->run()
#11 {main}
REQUEST_URI=/index.php?r=formfield/DropDownList.processExpr
HTTP_REFERER=http://adinda-modis.test/index.php?r=dev/forms/update&class=app.modules.admin.forms.intervensi.anak.AdminAnakForm
---
2023/09/19 09:55:03 [error] [exception.Error] Error: Class 'FormsController' not found in D:\laragon\www\adinda-modis\plansys\components\ui\FormField.php(252) : eval()'d code:1
Stack trace:
#0 D:\laragon\www\adinda-modis\plansys\components\ui\FormField.php(252): eval()
#1 D:\laragon\www\adinda-modis\plansys\components\ui\FormField.php(228): FormField->evaluateExpression('FormsController...', Array)
#2 D:\laragon\www\adinda-modis\plansys\components\ui\FormFields\DropDownList.php(329): FormField->evaluate('FormsController...', true, Array)
#3 D:\laragon\www\adinda-modis\plansys\framework\web\actions\CInlineAction.php(49): DropDownList->actionProcessExpr()
#4 D:\laragon\www\adinda-modis\plansys\framework\web\CController.php(326): CInlineAction->runWithParams(Array)
#5 D:\laragon\www\adinda-modis\plansys\framework\web\CController.php(290): CController->runAction(Object(CInlineAction))
#6 D:\laragon\www\adinda-modis\plansys\framework\web\CController.php(268): CController->runActionWithFilters(Object(CInlineAction), Array)
#7 D:\laragon\www\adinda-modis\plansys\framework\web\CWebApplication.php(288): CController->run('DropDownList.pr...')
#8 D:\laragon\www\adinda-modis\plansys\framework\web\CWebApplication.php(141): CWebApplication->runController('formfield/DropD...')
#9 D:\laragon\www\adinda-modis\plansys\framework\base\CApplication.php(185): CWebApplication->processRequest()
#10 D:\laragon\www\adinda-modis\index.php(33): CApplication->run()
#11 {main}
REQUEST_URI=/index.php?r=formfield/DropDownList.processExpr
HTTP_REFERER=http://adinda-modis.test/index.php?r=dev/forms/update&class=app.modules.admin.forms.intervensi.anak.AdminAnakForm
---
2023/09/19 09:55:30 [error] [exception.Error] Error: Class 'FormsController' not found in D:\laragon\www\adinda-modis\plansys\components\ui\FormField.php(252) : eval()'d code:1
Stack trace:
#0 D:\laragon\www\adinda-modis\plansys\components\ui\FormField.php(252): eval()
#1 D:\laragon\www\adinda-modis\plansys\components\ui\FormField.php(228): FormField->evaluateExpression('FormsController...', Array)
#2 D:\laragon\www\adinda-modis\plansys\components\ui\FormFields\DropDownList.php(329): FormField->evaluate('FormsController...', true, Array)
#3 D:\laragon\www\adinda-modis\plansys\framework\web\actions\CInlineAction.php(49): DropDownList->actionProcessExpr()
#4 D:\laragon\www\adinda-modis\plansys\framework\web\CController.php(326): CInlineAction->runWithParams(Array)
#5 D:\laragon\www\adinda-modis\plansys\framework\web\CController.php(290): CController->runAction(Object(CInlineAction))
#6 D:\laragon\www\adinda-modis\plansys\framework\web\CController.php(268): CController->runActionWithFilters(Object(CInlineAction), Array)
#7 D:\laragon\www\adinda-modis\plansys\framework\web\CWebApplication.php(288): CController->run('DropDownList.pr...')
#8 D:\laragon\www\adinda-modis\plansys\framework\web\CWebApplication.php(141): CWebApplication->runController('formfield/DropD...')
#9 D:\laragon\www\adinda-modis\plansys\framework\base\CApplication.php(185): CWebApplication->processRequest()
#10 D:\laragon\www\adinda-modis\index.php(33): CApplication->run()
#11 {main}
REQUEST_URI=/index.php?r=formfield/DropDownList.processExpr
HTTP_REFERER=http://adinda-modis.test/index.php?r=dev/forms/update&class=app.modules.admin.forms.intervensi.anak.AdminAnakForm
---
2023/09/19 09:55:33 [error] [exception.Error] Error: Class 'FormsController' not found in D:\laragon\www\adinda-modis\plansys\components\ui\FormField.php(252) : eval()'d code:1
Stack trace:
#0 D:\laragon\www\adinda-modis\plansys\components\ui\FormField.php(252): eval()
#1 D:\laragon\www\adinda-modis\plansys\components\ui\FormField.php(228): FormField->evaluateExpression('FormsController...', Array)
#2 D:\laragon\www\adinda-modis\plansys\components\ui\FormFields\DropDownList.php(329): FormField->evaluate('FormsController...', true, Array)
#3 D:\laragon\www\adinda-modis\plansys\framework\web\actions\CInlineAction.php(49): DropDownList->actionProcessExpr()
#4 D:\laragon\www\adinda-modis\plansys\framework\web\CController.php(326): CInlineAction->runWithParams(Array)
#5 D:\laragon\www\adinda-modis\plansys\framework\web\CController.php(290): CController->runAction(Object(CInlineAction))
#6 D:\laragon\www\adinda-modis\plansys\framework\web\CController.php(268): CController->runActionWithFilters(Object(CInlineAction), Array)
#7 D:\laragon\www\adinda-modis\plansys\framework\web\CWebApplication.php(288): CController->run('DropDownList.pr...')
#8 D:\laragon\www\adinda-modis\plansys\framework\web\CWebApplication.php(141): CWebApplication->runController('formfield/DropD...')
#9 D:\laragon\www\adinda-modis\plansys\framework\base\CApplication.php(185): CWebApplication->processRequest()
#10 D:\laragon\www\adinda-modis\index.php(33): CApplication->run()
#11 {main}
REQUEST_URI=/index.php?r=formfield/DropDownList.processExpr
HTTP_REFERER=http://adinda-modis.test/index.php?r=dev/forms/update&class=app.modules.admin.forms.intervensi.anak.AdminAnakForm
---
2023/09/19 09:55:33 [error] [exception.Error] Error: Class 'FormsController' not found in D:\laragon\www\adinda-modis\plansys\components\ui\FormField.php(252) : eval()'d code:1
Stack trace:
#0 D:\laragon\www\adinda-modis\plansys\components\ui\FormField.php(252): eval()
#1 D:\laragon\www\adinda-modis\plansys\components\ui\FormField.php(228): FormField->evaluateExpression('FormsController...', Array)
#2 D:\laragon\www\adinda-modis\plansys\components\ui\FormFields\DropDownList.php(329): FormField->evaluate('FormsController...', true, Array)
#3 D:\laragon\www\adinda-modis\plansys\framework\web\actions\CInlineAction.php(49): DropDownList->actionProcessExpr()
#4 D:\laragon\www\adinda-modis\plansys\framework\web\CController.php(326): CInlineAction->runWithParams(Array)
#5 D:\laragon\www\adinda-modis\plansys\framework\web\CController.php(290): CController->runAction(Object(CInlineAction))
#6 D:\laragon\www\adinda-modis\plansys\framework\web\CController.php(268): CController->runActionWithFilters(Object(CInlineAction), Array)
#7 D:\laragon\www\adinda-modis\plansys\framework\web\CWebApplication.php(288): CController->run('DropDownList.pr...')
#8 D:\laragon\www\adinda-modis\plansys\framework\web\CWebApplication.php(141): CWebApplication->runController('formfield/DropD...')
#9 D:\laragon\www\adinda-modis\plansys\framework\base\CApplication.php(185): CWebApplication->processRequest()
#10 D:\laragon\www\adinda-modis\index.php(33): CApplication->run()
#11 {main}
REQUEST_URI=/index.php?r=formfield/DropDownList.processExpr
HTTP_REFERER=http://adinda-modis.test/index.php?r=dev/forms/update&class=app.modules.admin.forms.intervensi.anak.AdminAnakForm
---
2023/09/19 09:55:51 [error] [exception.Error] Error: Class 'FormsController' not found in D:\laragon\www\adinda-modis\plansys\components\ui\FormField.php(252) : eval()'d code:1
Stack trace:
#0 D:\laragon\www\adinda-modis\plansys\components\ui\FormField.php(252): eval()
#1 D:\laragon\www\adinda-modis\plansys\components\ui\FormField.php(228): FormField->evaluateExpression('FormsController...', Array)
#2 D:\laragon\www\adinda-modis\plansys\components\ui\FormFields\DropDownList.php(329): FormField->evaluate('FormsController...', true, Array)
#3 D:\laragon\www\adinda-modis\plansys\framework\web\actions\CInlineAction.php(49): DropDownList->actionProcessExpr()
#4 D:\laragon\www\adinda-modis\plansys\framework\web\CController.php(326): CInlineAction->runWithParams(Array)
#5 D:\laragon\www\adinda-modis\plansys\framework\web\CController.php(290): CController->runAction(Object(CInlineAction))
#6 D:\laragon\www\adinda-modis\plansys\framework\web\CController.php(268): CController->runActionWithFilters(Object(CInlineAction), Array)
#7 D:\laragon\www\adinda-modis\plansys\framework\web\CWebApplication.php(288): CController->run('DropDownList.pr...')
#8 D:\laragon\www\adinda-modis\plansys\framework\web\CWebApplication.php(141): CWebApplication->runController('formfield/DropD...')
#9 D:\laragon\www\adinda-modis\plansys\framework\base\CApplication.php(185): CWebApplication->processRequest()
#10 D:\laragon\www\adinda-modis\index.php(33): CApplication->run()
#11 {main}
REQUEST_URI=/index.php?r=formfield/DropDownList.processExpr
HTTP_REFERER=http://adinda-modis.test/index.php?r=dev/forms/update&class=app.modules.admin.forms.intervensi.anak.AdminAnakForm
---
2023/09/19 09:55:54 [error] [exception.Error] Error: Class 'FormsController' not found in D:\laragon\www\adinda-modis\plansys\components\ui\FormField.php(252) : eval()'d code:1
Stack trace:
#0 D:\laragon\www\adinda-modis\plansys\components\ui\FormField.php(252): eval()
#1 D:\laragon\www\adinda-modis\plansys\components\ui\FormField.php(228): FormField->evaluateExpression('FormsController...', Array)
#2 D:\laragon\www\adinda-modis\plansys\components\ui\FormFields\DropDownList.php(329): FormField->evaluate('FormsController...', true, Array)
#3 D:\laragon\www\adinda-modis\plansys\framework\web\actions\CInlineAction.php(49): DropDownList->actionProcessExpr()
#4 D:\laragon\www\adinda-modis\plansys\framework\web\CController.php(326): CInlineAction->runWithParams(Array)
#5 D:\laragon\www\adinda-modis\plansys\framework\web\CController.php(290): CController->runAction(Object(CInlineAction))
#6 D:\laragon\www\adinda-modis\plansys\framework\web\CController.php(268): CController->runActionWithFilters(Object(CInlineAction), Array)
#7 D:\laragon\www\adinda-modis\plansys\framework\web\CWebApplication.php(288): CController->run('DropDownList.pr...')
#8 D:\laragon\www\adinda-modis\plansys\framework\web\CWebApplication.php(141): CWebApplication->runController('formfield/DropD...')
#9 D:\laragon\www\adinda-modis\plansys\framework\base\CApplication.php(185): CWebApplication->processRequest()
#10 D:\laragon\www\adinda-modis\index.php(33): CApplication->run()
#11 {main}
REQUEST_URI=/index.php?r=formfield/DropDownList.processExpr
HTTP_REFERER=http://adinda-modis.test/index.php?r=dev/forms/update&class=app.modules.admin.forms.intervensi.anak.AdminAnakForm
---
2023/09/19 09:55:55 [error] [exception.Error] Error: Class 'FormsController' not found in D:\laragon\www\adinda-modis\plansys\components\ui\FormField.php(252) : eval()'d code:1
Stack trace:
#0 D:\laragon\www\adinda-modis\plansys\components\ui\FormField.php(252): eval()
#1 D:\laragon\www\adinda-modis\plansys\components\ui\FormField.php(228): FormField->evaluateExpression('FormsController...', Array)
#2 D:\laragon\www\adinda-modis\plansys\components\ui\FormFields\DropDownList.php(329): FormField->evaluate('FormsController...', true, Array)
#3 D:\laragon\www\adinda-modis\plansys\framework\web\actions\CInlineAction.php(49): DropDownList->actionProcessExpr()
#4 D:\laragon\www\adinda-modis\plansys\framework\web\CController.php(326): CInlineAction->runWithParams(Array)
#5 D:\laragon\www\adinda-modis\plansys\framework\web\CController.php(290): CController->runAction(Object(CInlineAction))
#6 D:\laragon\www\adinda-modis\plansys\framework\web\CController.php(268): CController->runActionWithFilters(Object(CInlineAction), Array)
#7 D:\laragon\www\adinda-modis\plansys\framework\web\CWebApplication.php(288): CController->run('DropDownList.pr...')
#8 D:\laragon\www\adinda-modis\plansys\framework\web\CWebApplication.php(141): CWebApplication->runController('formfield/DropD...')
#9 D:\laragon\www\adinda-modis\plansys\framework\base\CApplication.php(185): CWebApplication->processRequest()
#10 D:\laragon\www\adinda-modis\index.php(33): CApplication->run()
#11 {main}
REQUEST_URI=/index.php?r=formfield/DropDownList.processExpr
HTTP_REFERER=http://adinda-modis.test/index.php?r=dev/forms/update&class=app.modules.admin.forms.intervensi.anak.AdminAnakForm
---
2023/09/19 09:55:55 [error] [exception.Error] Error: Class 'FormsController' not found in D:\laragon\www\adinda-modis\plansys\components\ui\FormField.php(252) : eval()'d code:1
Stack trace:
#0 D:\laragon\www\adinda-modis\plansys\components\ui\FormField.php(252): eval()
#1 D:\laragon\www\adinda-modis\plansys\components\ui\FormField.php(228): FormField->evaluateExpression('FormsController...', Array)
#2 D:\laragon\www\adinda-modis\plansys\components\ui\FormFields\DropDownList.php(329): FormField->evaluate('FormsController...', true, Array)
#3 D:\laragon\www\adinda-modis\plansys\framework\web\actions\CInlineAction.php(49): DropDownList->actionProcessExpr()
#4 D:\laragon\www\adinda-modis\plansys\framework\web\CController.php(326): CInlineAction->runWithParams(Array)
#5 D:\laragon\www\adinda-modis\plansys\framework\web\CController.php(290): CController->runAction(Object(CInlineAction))
#6 D:\laragon\www\adinda-modis\plansys\framework\web\CController.php(268): CController->runActionWithFilters(Object(CInlineAction), Array)
#7 D:\laragon\www\adinda-modis\plansys\framework\web\CWebApplication.php(288): CController->run('DropDownList.pr...')
#8 D:\laragon\www\adinda-modis\plansys\framework\web\CWebApplication.php(141): CWebApplication->runController('formfield/DropD...')
#9 D:\laragon\www\adinda-modis\plansys\framework\base\CApplication.php(185): CWebApplication->processRequest()
#10 D:\laragon\www\adinda-modis\index.php(33): CApplication->run()
#11 {main}
REQUEST_URI=/index.php?r=formfield/DropDownList.processExpr
HTTP_REFERER=http://adinda-modis.test/index.php?r=dev/forms/update&class=app.modules.admin.forms.intervensi.anak.AdminAnakForm
---
2023/09/19 09:55:55 [error] [exception.Error] Error: Class 'FormsController' not found in D:\laragon\www\adinda-modis\plansys\components\ui\FormField.php(252) : eval()'d code:1
Stack trace:
#0 D:\laragon\www\adinda-modis\plansys\components\ui\FormField.php(252): eval()
#1 D:\laragon\www\adinda-modis\plansys\components\ui\FormField.php(228): FormField->evaluateExpression('FormsController...', Array)
#2 D:\laragon\www\adinda-modis\plansys\components\ui\FormFields\DropDownList.php(329): FormField->evaluate('FormsController...', true, Array)
#3 D:\laragon\www\adinda-modis\plansys\framework\web\actions\CInlineAction.php(49): DropDownList->actionProcessExpr()
#4 D:\laragon\www\adinda-modis\plansys\framework\web\CController.php(326): CInlineAction->runWithParams(Array)
#5 D:\laragon\www\adinda-modis\plansys\framework\web\CController.php(290): CController->runAction(Object(CInlineAction))
#6 D:\laragon\www\adinda-modis\plansys\framework\web\CController.php(268): CController->runActionWithFilters(Object(CInlineAction), Array)
#7 D:\laragon\www\adinda-modis\plansys\framework\web\CWebApplication.php(288): CController->run('DropDownList.pr...')
#8 D:\laragon\www\adinda-modis\plansys\framework\web\CWebApplication.php(141): CWebApplication->runController('formfield/DropD...')
#9 D:\laragon\www\adinda-modis\plansys\framework\base\CApplication.php(185): CWebApplication->processRequest()
#10 D:\laragon\www\adinda-modis\index.php(33): CApplication->run()
#11 {main}
REQUEST_URI=/index.php?r=formfield/DropDownList.processExpr
HTTP_REFERER=http://adinda-modis.test/index.php?r=dev/forms/update&class=app.modules.admin.forms.intervensi.anak.AdminAnakForm
---
2023/09/19 09:55:56 [error] [exception.Error] Error: Class 'FormsController' not found in D:\laragon\www\adinda-modis\plansys\components\ui\FormField.php(252) : eval()'d code:1
Stack trace:
#0 D:\laragon\www\adinda-modis\plansys\components\ui\FormField.php(252): eval()
#1 D:\laragon\www\adinda-modis\plansys\components\ui\FormField.php(228): FormField->evaluateExpression('FormsController...', Array)
#2 D:\laragon\www\adinda-modis\plansys\components\ui\FormFields\DropDownList.php(329): FormField->evaluate('FormsController...', true, Array)
#3 D:\laragon\www\adinda-modis\plansys\framework\web\actions\CInlineAction.php(49): DropDownList->actionProcessExpr()
#4 D:\laragon\www\adinda-modis\plansys\framework\web\CController.php(326): CInlineAction->runWithParams(Array)
#5 D:\laragon\www\adinda-modis\plansys\framework\web\CController.php(290): CController->runAction(Object(CInlineAction))
#6 D:\laragon\www\adinda-modis\plansys\framework\web\CController.php(268): CController->runActionWithFilters(Object(CInlineAction), Array)
#7 D:\laragon\www\adinda-modis\plansys\framework\web\CWebApplication.php(288): CController->run('DropDownList.pr...')
#8 D:\laragon\www\adinda-modis\plansys\framework\web\CWebApplication.php(141): CWebApplication->runController('formfield/DropD...')
#9 D:\laragon\www\adinda-modis\plansys\framework\base\CApplication.php(185): CWebApplication->processRequest()
#10 D:\laragon\www\adinda-modis\index.php(33): CApplication->run()
#11 {main}
REQUEST_URI=/index.php?r=formfield/DropDownList.processExpr
HTTP_REFERER=http://adinda-modis.test/index.php?r=dev/forms/update&class=app.modules.admin.forms.intervensi.anak.AdminAnakForm
---
2023/09/19 09:56:07 [error] [exception.Error] Error: Class 'FormsController' not found in D:\laragon\www\adinda-modis\plansys\components\ui\FormField.php(252) : eval()'d code:1
Stack trace:
#0 D:\laragon\www\adinda-modis\plansys\components\ui\FormField.php(252): eval()
#1 D:\laragon\www\adinda-modis\plansys\components\ui\FormField.php(228): FormField->evaluateExpression('FormsController...', Array)
#2 D:\laragon\www\adinda-modis\plansys\components\ui\FormFields\DropDownList.php(329): FormField->evaluate('FormsController...', true, Array)
#3 D:\laragon\www\adinda-modis\plansys\framework\web\actions\CInlineAction.php(49): DropDownList->actionProcessExpr()
#4 D:\laragon\www\adinda-modis\plansys\framework\web\CController.php(326): CInlineAction->runWithParams(Array)
#5 D:\laragon\www\adinda-modis\plansys\framework\web\CController.php(290): CController->runAction(Object(CInlineAction))
#6 D:\laragon\www\adinda-modis\plansys\framework\web\CController.php(268): CController->runActionWithFilters(Object(CInlineAction), Array)
#7 D:\laragon\www\adinda-modis\plansys\framework\web\CWebApplication.php(288): CController->run('DropDownList.pr...')
#8 D:\laragon\www\adinda-modis\plansys\framework\web\CWebApplication.php(141): CWebApplication->runController('formfield/DropD...')
#9 D:\laragon\www\adinda-modis\plansys\framework\base\CApplication.php(185): CWebApplication->processRequest()
#10 D:\laragon\www\adinda-modis\index.php(33): CApplication->run()
#11 {main}
REQUEST_URI=/index.php?r=formfield/DropDownList.processExpr
HTTP_REFERER=http://adinda-modis.test/index.php?r=dev/forms/update&class=app.modules.admin.forms.intervensi.anak.AdminAnakForm
---
2023/09/19 10:02:57 [error] [system.db.CDbCommand] CDbCommand::fetchColumn() gagal: SQLSTATE[42601]: Syntax error: 7 ERROR:  syntax error at end of input
LINE 1: SELECT * FROM "m_assessment" "t" ORDER BY t.
                                                    ^. Statement SQL yang dijalankan: SELECT * FROM "m_assessment" "t" ORDER BY t..
in D:\laragon\www\adinda-modis\plansys\components\models\CDbCommand.php (551)
in D:\laragon\www\adinda-modis\plansys\components\models\CDbCommand.php (401)
in D:\laragon\www\adinda-modis\plansys\components\ui\FormFields\SqlCriteria.php (226)
2023/09/19 10:03:07 [error] [exception.Error] Error: Class 'FormsController' not found in D:\laragon\www\adinda-modis\plansys\components\ui\FormField.php(252) : eval()'d code:1
Stack trace:
#0 D:\laragon\www\adinda-modis\plansys\components\ui\FormField.php(252): eval()
#1 D:\laragon\www\adinda-modis\plansys\components\ui\FormField.php(228): FormField->evaluateExpression('FormsController...', Array)
#2 D:\laragon\www\adinda-modis\plansys\components\ui\FormFields\DropDownList.php(329): FormField->evaluate('FormsController...', true, Array)
#3 D:\laragon\www\adinda-modis\plansys\framework\web\actions\CInlineAction.php(49): DropDownList->actionProcessExpr()
#4 D:\laragon\www\adinda-modis\plansys\framework\web\CController.php(326): CInlineAction->runWithParams(Array)
#5 D:\laragon\www\adinda-modis\plansys\framework\web\CController.php(290): CController->runAction(Object(CInlineAction))
#6 D:\laragon\www\adinda-modis\plansys\framework\web\CController.php(268): CController->runActionWithFilters(Object(CInlineAction), Array)
#7 D:\laragon\www\adinda-modis\plansys\framework\web\CWebApplication.php(288): CController->run('DropDownList.pr...')
#8 D:\laragon\www\adinda-modis\plansys\framework\web\CWebApplication.php(141): CWebApplication->runController('formfield/DropD...')
#9 D:\laragon\www\adinda-modis\plansys\framework\base\CApplication.php(185): CWebApplication->processRequest()
#10 D:\laragon\www\adinda-modis\index.php(33): CApplication->run()
#11 {main}
REQUEST_URI=/index.php?r=formfield/DropDownList.processExpr
HTTP_REFERER=http://adinda-modis.test/index.php?r=dev/forms/update&class=app.modules.admin.forms.intervensi.anak.AdminAnakAnakAssessmentsSubform
---
2023/09/19 10:14:18 [error] [exception.Error] Error: Class 'FormsController' not found in D:\laragon\www\adinda-modis\plansys\components\ui\FormField.php(252) : eval()'d code:1
Stack trace:
#0 D:\laragon\www\adinda-modis\plansys\components\ui\FormField.php(252): eval()
#1 D:\laragon\www\adinda-modis\plansys\components\ui\FormField.php(228): FormField->evaluateExpression('FormsController...', Array)
#2 D:\laragon\www\adinda-modis\plansys\components\ui\FormFields\DropDownList.php(329): FormField->evaluate('FormsController...', true, Array)
#3 D:\laragon\www\adinda-modis\plansys\framework\web\actions\CInlineAction.php(49): DropDownList->actionProcessExpr()
#4 D:\laragon\www\adinda-modis\plansys\framework\web\CController.php(326): CInlineAction->runWithParams(Array)
#5 D:\laragon\www\adinda-modis\plansys\framework\web\CController.php(290): CController->runAction(Object(CInlineAction))
#6 D:\laragon\www\adinda-modis\plansys\framework\web\CController.php(268): CController->runActionWithFilters(Object(CInlineAction), Array)
#7 D:\laragon\www\adinda-modis\plansys\framework\web\CWebApplication.php(288): CController->run('DropDownList.pr...')
#8 D:\laragon\www\adinda-modis\plansys\framework\web\CWebApplication.php(141): CWebApplication->runController('formfield/DropD...')
#9 D:\laragon\www\adinda-modis\plansys\framework\base\CApplication.php(185): CWebApplication->processRequest()
#10 D:\laragon\www\adinda-modis\index.php(33): CApplication->run()
#11 {main}
REQUEST_URI=/index.php?r=formfield/DropDownList.processExpr
HTTP_REFERER=http://adinda-modis.test/index.php?r=dev/forms/update&class=app.modules.admin.forms.intervensi.anak.AdminAnakForm
---
2023/09/19 11:00:10 [error] [exception.CException] CException: Properti "AdminAnakForm.jabatan" tidak didefinisikan. in D:\laragon\www\adinda-modis\plansys\framework\base\CComponent.php:130
Stack trace:
#0 D:\laragon\www\adinda-modis\plansys\framework\db\ar\CActiveRecord.php(145): CComponent->__get('jabatan')
#1 D:\laragon\www\adinda-modis\plansys\components\models\ActiveRecord.php(1185): CActiveRecord->__get('jabatan')
#2 D:\laragon\www\adinda-modis\app\modules\admin\controllers\AnakController.php(48): ActiveRecord->__get('jabatan')
#3 [internal function]: AnakController->actionEdit(NULL)
#4 D:\laragon\www\adinda-modis\plansys\framework\web\actions\CAction.php(109): ReflectionMethod->invokeArgs(Object(AnakController), Array)
#5 D:\laragon\www\adinda-modis\plansys\framework\web\actions\CInlineAction.php(47): CAction->runWithParamsInternal(Object(AnakController), Object(ReflectionMethod), Array)
#6 D:\laragon\www\adinda-modis\plansys\framework\web\CController.php(326): CInlineAction->runWithParams(Array)
#7 D:\laragon\www\adinda-modis\plansys\framework\web\filters\CFilterChain.php(133): CController->runAction(Object(CInlineAction))
#8 D:\laragon\www\adinda-modis\plansys\framework\web\filters\CFilter.php(40): CFilterChain->run()
#9 D:\laragon\www\adinda-modis\plansys\framework\web\CController.php(1164): CFilter->filter(Object(CFilterChain))
#10 D:\laragon\www\adinda-modis\plansys\framework\web\filters\CInlineFilter.php(58): CController->filterAccessControl(Object(CFilterChain))
#11 D:\laragon\www\adinda-modis\plansys\framework\web\filters\CFilterChain.php(130): CInlineFilter->filter(Object(CFilterChain))
#12 D:\laragon\www\adinda-modis\plansys\framework\web\CController.php(295): CFilterChain->run()
#13 D:\laragon\www\adinda-modis\plansys\framework\web\CController.php(268): CController->runActionWithFilters(Object(CInlineAction), Array)
#14 D:\laragon\www\adinda-modis\plansys\framework\web\CWebApplication.php(288): CController->run('edit')
#15 D:\laragon\www\adinda-modis\plansys\framework\web\CWebApplication.php(141): CWebApplication->runController('/admin/anak/edi...')
#16 D:\laragon\www\adinda-modis\plansys\framework\base\CApplication.php(185): CWebApplication->processRequest()
#17 D:\laragon\www\adinda-modis\index.php(33): CApplication->run()
#18 {main}
REQUEST_URI=/index.php?r=/admin/anak/edit
HTTP_REFERER=http://adinda-modis.test/index.php?r=/admin/anak/edit
---
2023/09/19 11:00:25 [error] [exception.CException] CException: Properti "AdminAnakForm.nip" tidak didefinisikan. in D:\laragon\www\adinda-modis\plansys\framework\base\CComponent.php:130
Stack trace:
#0 D:\laragon\www\adinda-modis\plansys\framework\db\ar\CActiveRecord.php(145): CComponent->__get('nip')
#1 D:\laragon\www\adinda-modis\plansys\components\models\ActiveRecord.php(1185): CActiveRecord->__get('nip')
#2 D:\laragon\www\adinda-modis\app\modules\admin\controllers\AnakController.php(66): ActiveRecord->__get('nip')
#3 [internal function]: AnakController->actionEdit(NULL)
#4 D:\laragon\www\adinda-modis\plansys\framework\web\actions\CAction.php(109): ReflectionMethod->invokeArgs(Object(AnakController), Array)
#5 D:\laragon\www\adinda-modis\plansys\framework\web\actions\CInlineAction.php(47): CAction->runWithParamsInternal(Object(AnakController), Object(ReflectionMethod), Array)
#6 D:\laragon\www\adinda-modis\plansys\framework\web\CController.php(326): CInlineAction->runWithParams(Array)
#7 D:\laragon\www\adinda-modis\plansys\framework\web\filters\CFilterChain.php(133): CController->runAction(Object(CInlineAction))
#8 D:\laragon\www\adinda-modis\plansys\framework\web\filters\CFilter.php(40): CFilterChain->run()
#9 D:\laragon\www\adinda-modis\plansys\framework\web\CController.php(1164): CFilter->filter(Object(CFilterChain))
#10 D:\laragon\www\adinda-modis\plansys\framework\web\filters\CInlineFilter.php(58): CController->filterAccessControl(Object(CFilterChain))
#11 D:\laragon\www\adinda-modis\plansys\framework\web\filters\CFilterChain.php(130): CInlineFilter->filter(Object(CFilterChain))
#12 D:\laragon\www\adinda-modis\plansys\framework\web\CController.php(295): CFilterChain->run()
#13 D:\laragon\www\adinda-modis\plansys\framework\web\CController.php(268): CController->runActionWithFilters(Object(CInlineAction), Array)
#14 D:\laragon\www\adinda-modis\plansys\framework\web\CWebApplication.php(288): CController->run('edit')
#15 D:\laragon\www\adinda-modis\plansys\framework\web\CWebApplication.php(141): CWebApplication->runController('/admin/anak/edi...')
#16 D:\laragon\www\adinda-modis\plansys\framework\base\CApplication.php(185): CWebApplication->processRequest()
#17 D:\laragon\www\adinda-modis\index.php(33): CApplication->run()
#18 {main}
REQUEST_URI=/index.php?r=/admin/anak/edit
HTTP_REFERER=http://adinda-modis.test/index.php?r=/admin/anak/edit
---
2023/09/19 11:05:40 [error] [exception.CHttpException.403] CHttpException in D:\laragon\www\adinda-modis\plansys\modules\docs\DocsModule.php:49
Stack trace:
#0 D:\laragon\www\adinda-modis\plansys\components\WebModule.php(15): DocsModule->accessControl(Object(WelcomeController), Object(CInlineAction))
#1 D:\laragon\www\adinda-modis\plansys\framework\web\CController.php(263): WebModule->beforeControllerAction(Object(WelcomeController), Object(CInlineAction))
#2 D:\laragon\www\adinda-modis\plansys\framework\web\CWebApplication.php(288): CController->run('')
#3 D:\laragon\www\adinda-modis\plansys\framework\web\CWebApplication.php(141): CWebApplication->runController('docs/welcome')
#4 D:\laragon\www\adinda-modis\plansys\framework\base\CApplication.php(185): CWebApplication->processRequest()
#5 D:\laragon\www\adinda-modis\index.php(33): CApplication->run()
#6 {main}
REQUEST_URI=/index.php?r=docs/welcome
HTTP_REFERER=http://adinda-modis.test/index.php?r=site/login
---
2023/09/19 14:01:48 [error] [php] Undefined index: rel (D:\laragon\www\adinda-modis\plansys\components\ui\FormFields\SqlCriteria.php:136)
Stack trace:
#0 D:\laragon\www\adinda-modis\plansys\framework\web\CController.php(290): FormfieldController->runAction()
#1 D:\laragon\www\adinda-modis\plansys\framework\web\CController.php(268): FormfieldController->runActionWithFilters()
#2 D:\laragon\www\adinda-modis\plansys\framework\web\CWebApplication.php(288): FormfieldController->run()
#3 D:\laragon\www\adinda-modis\plansys\framework\web\CWebApplication.php(141): CWebApplication->runController()
#4 D:\laragon\www\adinda-modis\plansys\framework\base\CApplication.php(185): CWebApplication->processRequest()
#5 D:\laragon\www\adinda-modis\index.php(33): CWebApplication->run()
REQUEST_URI=/index.php?r=/formfield/SqlCriteria.previewSQL
in D:\laragon\www\adinda-modis\plansys\components\ui\FormFields\SqlCriteria.php (136)
in D:\laragon\www\adinda-modis\index.php (33)
2023/09/19 14:02:39 [error] [system.db.CDbCommand] CDbCommand::fetchColumn() gagal: SQLSTATE[42601]: Syntax error: 7 ERROR:  syntax error at or near "FROM"
LINE 1: SELECT t.*, FROM "anak" "t" INNER JOIN m_jenis_kelamin jk ON...
                    ^. Statement SQL yang dijalankan: SELECT t.*, FROM "anak" "t" INNER JOIN m_jenis_kelamin jk ON jk.id = t.jenis_kelamin_id LIMIT 25.
in D:\laragon\www\adinda-modis\plansys\components\models\CDbCommand.php (551)
in D:\laragon\www\adinda-modis\plansys\components\models\CDbCommand.php (401)
in D:\laragon\www\adinda-modis\plansys\components\ui\FormFields\SqlCriteria.php (226)
2023/09/19 14:02:41 [error] [system.db.CDbCommand] CDbCommand::fetchColumn() gagal: SQLSTATE[42703]: Undefined column: 7 ERROR:  column jk.j does not exist
LINE 1: SELECT t.*, jk.j FROM "anak" "t" INNER JOIN m_jenis_kelamin ...
                    ^. Statement SQL yang dijalankan: SELECT t.*, jk.j FROM "anak" "t" INNER JOIN m_jenis_kelamin jk ON jk.id = t.jenis_kelamin_id LIMIT 25.
in D:\laragon\www\adinda-modis\plansys\components\models\CDbCommand.php (551)
in D:\laragon\www\adinda-modis\plansys\components\models\CDbCommand.php (401)
in D:\laragon\www\adinda-modis\plansys\components\ui\FormFields\SqlCriteria.php (226)
2023/09/19 14:02:42 [error] [system.db.CDbCommand] CDbCommand::fetchColumn() gagal: SQLSTATE[42703]: Undefined column: 7 ERROR:  column jk.na does not exist
LINE 1: SELECT t.*, jk.na FROM "anak" "t" INNER JOIN m_jenis_kelamin...
                    ^. Statement SQL yang dijalankan: SELECT t.*, jk.na FROM "anak" "t" INNER JOIN m_jenis_kelamin jk ON jk.id = t.jenis_kelamin_id LIMIT 25.
in D:\laragon\www\adinda-modis\plansys\components\models\CDbCommand.php (551)
in D:\laragon\www\adinda-modis\plansys\components\models\CDbCommand.php (401)
in D:\laragon\www\adinda-modis\plansys\components\ui\FormFields\SqlCriteria.php (226)
2023/09/19 14:07:40 [error] [exception.Error] Error: Class '' not found in D:\laragon\www\adinda-modis\plansys\components\ui\FormFields\SqlCriteria.php:116
Stack trace:
#0 D:\laragon\www\adinda-modis\plansys\framework\web\actions\CInlineAction.php(49): SqlCriteria->actionPreviewSQL()
#1 D:\laragon\www\adinda-modis\plansys\framework\web\CController.php(326): CInlineAction->runWithParams(Array)
#2 D:\laragon\www\adinda-modis\plansys\framework\web\CController.php(290): CController->runAction(Object(CInlineAction))
#3 D:\laragon\www\adinda-modis\plansys\framework\web\CController.php(268): CController->runActionWithFilters(Object(CInlineAction), Array)
#4 D:\laragon\www\adinda-modis\plansys\framework\web\CWebApplication.php(288): CController->run('SqlCriteria.pre...')
#5 D:\laragon\www\adinda-modis\plansys\framework\web\CWebApplication.php(141): CWebApplication->runController('/formfield/SqlC...')
#6 D:\laragon\www\adinda-modis\plansys\framework\base\CApplication.php(185): CWebApplication->processRequest()
#7 D:\laragon\www\adinda-modis\index.php(33): CApplication->run()
#8 {main}
REQUEST_URI=/index.php?r=/formfield/SqlCriteria.previewSQL
HTTP_REFERER=http://adinda-modis.test/index.php?r=dev/forms/update&class=app.modules.admin.forms.intervensi.anak.AdminAnakIndex
---
2023/09/19 14:07:59 [error] [system.db.CDbCommand] CDbCommand::fetchColumn() gagal: SQLSTATE[42703]: Undefined column: 7 ERROR:  column t.na does not exist
LINE 1: SELECT * FROM "m_hambatan" "t" ORDER BY t.na
                                                ^. Statement SQL yang dijalankan: SELECT * FROM "m_hambatan" "t" ORDER BY t.na.
in D:\laragon\www\adinda-modis\plansys\components\models\CDbCommand.php (551)
in D:\laragon\www\adinda-modis\plansys\components\models\CDbCommand.php (401)
in D:\laragon\www\adinda-modis\plansys\components\ui\FormFields\SqlCriteria.php (226)
2023/09/19 14:09:20 [error] [system.db.CDbCommand] CDbCommand::fetchColumn() gagal: SQLSTATE[42P01]: Undefined table: 7 ERROR:  relation "anak_" does not exist
LINE 4: FROM anak_
             ^. Statement SQL yang dijalankan: SELECT t.*, jk.nama AS jenis_kelamin FROM "anak" "t" INNER JOIN m_jenis_kelamin jk ON jk.id = t.jenis_kelamin_id
LEFT JOIN LATERAL (
SELECT JSONB_AGG(pj.jabatan_id) AS jabatan_id, STRING_AGG(j.nama, ', ' ORDER BY j.nama) AS jabatan
FROM anak_
INNER JOIN m_jabatan j on j.id = pj.jabatan_id
WHERE pj.pegawai_id = t.id
) jb ON TRUE LIMIT 25.
in D:\laragon\www\adinda-modis\plansys\components\models\CDbCommand.php (551)
in D:\laragon\www\adinda-modis\plansys\components\models\CDbCommand.php (401)
in D:\laragon\www\adinda-modis\plansys\components\ui\FormFields\SqlCriteria.php (226)
2023/09/19 14:09:22 [error] [system.db.CDbCommand] CDbCommand::fetchColumn() gagal: SQLSTATE[42P01]: Undefined table: 7 ERROR:  relation "anak_ham" does not exist
LINE 4: FROM anak_ham
             ^. Statement SQL yang dijalankan: SELECT t.*, jk.nama AS jenis_kelamin FROM "anak" "t" INNER JOIN m_jenis_kelamin jk ON jk.id = t.jenis_kelamin_id
LEFT JOIN LATERAL (
SELECT JSONB_AGG(pj.jabatan_id) AS jabatan_id, STRING_AGG(j.nama, ', ' ORDER BY j.nama) AS jabatan
FROM anak_ham
INNER JOIN m_jabatan j on j.id = pj.jabatan_id
WHERE pj.pegawai_id = t.id
) jb ON TRUE LIMIT 25.
in D:\laragon\www\adinda-modis\plansys\components\models\CDbCommand.php (551)
in D:\laragon\www\adinda-modis\plansys\components\models\CDbCommand.php (401)
in D:\laragon\www\adinda-modis\plansys\components\ui\FormFields\SqlCriteria.php (226)
2023/09/19 14:09:24 [error] [system.db.CDbCommand] CDbCommand::fetchColumn() gagal: SQLSTATE[42P01]: Undefined table: 7 ERROR:  missing FROM-clause entry for table "pj"
LINE 5: INNER JOIN m_jabatan j on j.id = pj.jabatan_id
                                         ^. Statement SQL yang dijalankan: SELECT t.*, jk.nama AS jenis_kelamin FROM "anak" "t" INNER JOIN m_jenis_kelamin jk ON jk.id = t.jenis_kelamin_id
LEFT JOIN LATERAL (
SELECT JSONB_AGG(pj.jabatan_id) AS jabatan_id, STRING_AGG(j.nama, ', ' ORDER BY j.nama) AS jabatan
FROM anak_hambatan
INNER JOIN m_jabatan j on j.id = pj.jabatan_id
WHERE pj.pegawai_id = t.id
) jb ON TRUE LIMIT 25.
in D:\laragon\www\adinda-modis\plansys\components\models\CDbCommand.php (551)
in D:\laragon\www\adinda-modis\plansys\components\models\CDbCommand.php (401)
in D:\laragon\www\adinda-modis\plansys\components\ui\FormFields\SqlCriteria.php (226)
2023/09/19 14:09:26 [error] [system.db.CDbCommand] CDbCommand::fetchColumn() gagal: SQLSTATE[42P01]: Undefined table: 7 ERROR:  missing FROM-clause entry for table "pj"
LINE 5: INNER JOIN m_jabatan j on j.id = pj.jabatan_id
                                         ^. Statement SQL yang dijalankan: SELECT t.*, jk.nama AS jenis_kelamin FROM "anak" "t" INNER JOIN m_jenis_kelamin jk ON jk.id = t.jenis_kelamin_id
LEFT JOIN LATERAL (
SELECT JSONB_AGG(pj.jabatan_id) AS jabatan_id, STRING_AGG(j.nama, ', ' ORDER BY j.nama) AS jabatan
FROM anak_hambatan ah
INNER JOIN m_jabatan j on j.id = pj.jabatan_id
WHERE pj.pegawai_id = t.id
) jb ON TRUE LIMIT 25.
in D:\laragon\www\adinda-modis\plansys\components\models\CDbCommand.php (551)
in D:\laragon\www\adinda-modis\plansys\components\models\CDbCommand.php (401)
in D:\laragon\www\adinda-modis\plansys\components\ui\FormFields\SqlCriteria.php (226)
2023/09/19 14:09:26 [error] [system.db.CDbCommand] CDbCommand::fetchColumn() gagal: SQLSTATE[42P01]: Undefined table: 7 ERROR:  missing FROM-clause entry for table "pj"
LINE 5: INNER JOIN m_jabatan j on j.id = pj.jabatan_id
                                         ^. Statement SQL yang dijalankan: SELECT t.*, jk.nama AS jenis_kelamin FROM "anak" "t" INNER JOIN m_jenis_kelamin jk ON jk.id = t.jenis_kelamin_id
LEFT JOIN LATERAL (
SELECT JSONB_AGG(pj.jabatan_id) AS jabatan_id, STRING_AGG(j.nama, ', ' ORDER BY j.nama) AS jabatan
FROM anak_hambatan ah
INNER JOIN m_jabatan j on j.id = pj.jabatan_id
WHERE pj.pegawai_id = t.id
) jb ON TRUE LIMIT 25.
in D:\laragon\www\adinda-modis\plansys\components\models\CDbCommand.php (551)
in D:\laragon\www\adinda-modis\plansys\components\models\CDbCommand.php (401)
in D:\laragon\www\adinda-modis\plansys\components\ui\FormFields\SqlCriteria.php (226)
2023/09/19 14:09:31 [error] [system.db.CDbCommand] CDbCommand::fetchColumn() gagal: SQLSTATE[42P01]: Undefined table: 7 ERROR:  missing FROM-clause entry for table "pj"
LINE 5: INNER JOIN m_hambatan j on j.id = pj.jabatan_id
                                          ^. Statement SQL yang dijalankan: SELECT t.*, jk.nama AS jenis_kelamin FROM "anak" "t" INNER JOIN m_jenis_kelamin jk ON jk.id = t.jenis_kelamin_id
LEFT JOIN LATERAL (
SELECT JSONB_AGG(pj.jabatan_id) AS jabatan_id, STRING_AGG(j.nama, ', ' ORDER BY j.nama) AS jabatan
FROM anak_hambatan ah
INNER JOIN m_hambatan j on j.id = pj.jabatan_id
WHERE pj.pegawai_id = t.id
) jb ON TRUE LIMIT 25.
in D:\laragon\www\adinda-modis\plansys\components\models\CDbCommand.php (551)
in D:\laragon\www\adinda-modis\plansys\components\models\CDbCommand.php (401)
in D:\laragon\www\adinda-modis\plansys\components\ui\FormFields\SqlCriteria.php (226)
2023/09/19 14:09:33 [error] [system.db.CDbCommand] CDbCommand::fetchColumn() gagal: SQLSTATE[42P01]: Undefined table: 7 ERROR:  missing FROM-clause entry for table "j"
LINE 5: INNER JOIN m_hambatan h on j.id = pj.jabatan_id
                                   ^. Statement SQL yang dijalankan: SELECT t.*, jk.nama AS jenis_kelamin FROM "anak" "t" INNER JOIN m_jenis_kelamin jk ON jk.id = t.jenis_kelamin_id
LEFT JOIN LATERAL (
SELECT JSONB_AGG(pj.jabatan_id) AS jabatan_id, STRING_AGG(j.nama, ', ' ORDER BY j.nama) AS jabatan
FROM anak_hambatan ah
INNER JOIN m_hambatan h on j.id = pj.jabatan_id
WHERE pj.pegawai_id = t.id
) jb ON TRUE LIMIT 25.
in D:\laragon\www\adinda-modis\plansys\components\models\CDbCommand.php (551)
in D:\laragon\www\adinda-modis\plansys\components\models\CDbCommand.php (401)
in D:\laragon\www\adinda-modis\plansys\components\ui\FormFields\SqlCriteria.php (226)
2023/09/19 14:09:35 [error] [system.db.CDbCommand] CDbCommand::fetchColumn() gagal: SQLSTATE[42P01]: Undefined table: 7 ERROR:  missing FROM-clause entry for table "pj"
LINE 5: INNER JOIN m_hambatan h on h.id = pj.jabatan_id
                                          ^. Statement SQL yang dijalankan: SELECT t.*, jk.nama AS jenis_kelamin FROM "anak" "t" INNER JOIN m_jenis_kelamin jk ON jk.id = t.jenis_kelamin_id
LEFT JOIN LATERAL (
SELECT JSONB_AGG(pj.jabatan_id) AS jabatan_id, STRING_AGG(j.nama, ', ' ORDER BY j.nama) AS jabatan
FROM anak_hambatan ah
INNER JOIN m_hambatan h on h.id = pj.jabatan_id
WHERE pj.pegawai_id = t.id
) jb ON TRUE LIMIT 25.
in D:\laragon\www\adinda-modis\plansys\components\models\CDbCommand.php (551)
in D:\laragon\www\adinda-modis\plansys\components\models\CDbCommand.php (401)
in D:\laragon\www\adinda-modis\plansys\components\ui\FormFields\SqlCriteria.php (226)
2023/09/19 14:09:38 [error] [system.db.CDbCommand] CDbCommand::fetchColumn() gagal: SQLSTATE[42P01]: Undefined table: 7 ERROR:  missing FROM-clause entry for table "pj"
LINE 5: INNER JOIN m_hambatan h on h.id = pj.hambatan_id
                                          ^. Statement SQL yang dijalankan: SELECT t.*, jk.nama AS jenis_kelamin FROM "anak" "t" INNER JOIN m_jenis_kelamin jk ON jk.id = t.jenis_kelamin_id
LEFT JOIN LATERAL (
SELECT JSONB_AGG(pj.jabatan_id) AS jabatan_id, STRING_AGG(j.nama, ', ' ORDER BY j.nama) AS jabatan
FROM anak_hambatan ah
INNER JOIN m_hambatan h on h.id = pj.hambatan_id
WHERE pj.pegawai_id = t.id
) jb ON TRUE LIMIT 25.
in D:\laragon\www\adinda-modis\plansys\components\models\CDbCommand.php (551)
in D:\laragon\www\adinda-modis\plansys\components\models\CDbCommand.php (401)
in D:\laragon\www\adinda-modis\plansys\components\ui\FormFields\SqlCriteria.php (226)
2023/09/19 14:09:41 [error] [system.db.CDbCommand] CDbCommand::fetchColumn() gagal: SQLSTATE[42P01]: Undefined table: 7 ERROR:  missing FROM-clause entry for table "pj"
LINE 3: SELECT JSONB_AGG(pj.jabatan_id) AS jabatan_id, STRING_AGG(j....
                         ^. Statement SQL yang dijalankan: SELECT t.*, jk.nama AS jenis_kelamin FROM "anak" "t" INNER JOIN m_jenis_kelamin jk ON jk.id = t.jenis_kelamin_id
LEFT JOIN LATERAL (
SELECT JSONB_AGG(pj.jabatan_id) AS jabatan_id, STRING_AGG(j.nama, ', ' ORDER BY j.nama) AS jabatan
FROM anak_hambatan ah
INNER JOIN m_hambatan h on h.id = ah.hambatan_id
WHERE pj.pegawai_id = t.id
) jb ON TRUE LIMIT 25.
in D:\laragon\www\adinda-modis\plansys\components\models\CDbCommand.php (551)
in D:\laragon\www\adinda-modis\plansys\components\models\CDbCommand.php (401)
in D:\laragon\www\adinda-modis\plansys\components\ui\FormFields\SqlCriteria.php (226)
2023/09/19 14:09:42 [error] [system.db.CDbCommand] CDbCommand::fetchColumn() gagal: SQLSTATE[42P01]: Undefined table: 7 ERROR:  missing FROM-clause entry for table "pj"
LINE 3: SELECT JSONB_AGG(pj.jabatan_id) AS jabatan_id, STRING_AGG(j....
                         ^. Statement SQL yang dijalankan: SELECT t.*, jk.nama AS jenis_kelamin FROM "anak" "t" INNER JOIN m_jenis_kelamin jk ON jk.id = t.jenis_kelamin_id
LEFT JOIN LATERAL (
SELECT JSONB_AGG(pj.jabatan_id) AS jabatan_id, STRING_AGG(j.nama, ', ' ORDER BY j.nama) AS jabatan
FROM anak_hambatan ah
INNER JOIN m_hambatan h on h.id = ah.hambatan_id
WHERE pj.pegawai_id = t.id
) jb ON TRUE LIMIT 25.
in D:\laragon\www\adinda-modis\plansys\components\models\CDbCommand.php (551)
in D:\laragon\www\adinda-modis\plansys\components\models\CDbCommand.php (401)
in D:\laragon\www\adinda-modis\plansys\components\ui\FormFields\SqlCriteria.php (226)
2023/09/19 14:09:45 [error] [system.db.CDbCommand] CDbCommand::fetchColumn() gagal: SQLSTATE[42P01]: Undefined table: 7 ERROR:  missing FROM-clause entry for table "pj"
LINE 3: SELECT JSONB_AGG(pj.jabatan_id) AS jabatan_id, STRING_AGG(j....
                         ^. Statement SQL yang dijalankan: SELECT t.*, jk.nama AS jenis_kelamin FROM "anak" "t" INNER JOIN m_jenis_kelamin jk ON jk.id = t.jenis_kelamin_id
LEFT JOIN LATERAL (
SELECT JSONB_AGG(pj.jabatan_id) AS jabatan_id, STRING_AGG(j.nama, ', ' ORDER BY j.nama) AS jabatan
FROM anak_hambatan ah
INNER JOIN m_hambatan h on h.id = ah.hambatan_id
WHERE ah.pegawai_id = t.id
) jb ON TRUE LIMIT 25.
in D:\laragon\www\adinda-modis\plansys\components\models\CDbCommand.php (551)
in D:\laragon\www\adinda-modis\plansys\components\models\CDbCommand.php (401)
in D:\laragon\www\adinda-modis\plansys\components\ui\FormFields\SqlCriteria.php (226)
2023/09/19 14:09:47 [error] [system.db.CDbCommand] CDbCommand::fetchColumn() gagal: SQLSTATE[42P01]: Undefined table: 7 ERROR:  missing FROM-clause entry for table "pj"
LINE 3: SELECT JSONB_AGG(pj.jabatan_id) AS jabatan_id, STRING_AGG(j....
                         ^. Statement SQL yang dijalankan: SELECT t.*, jk.nama AS jenis_kelamin FROM "anak" "t" INNER JOIN m_jenis_kelamin jk ON jk.id = t.jenis_kelamin_id
LEFT JOIN LATERAL (
SELECT JSONB_AGG(pj.jabatan_id) AS jabatan_id, STRING_AGG(j.nama, ', ' ORDER BY j.nama) AS jabatan
FROM anak_hambatan ah
INNER JOIN m_hambatan h on h.id = ah.hambatan_id
WHERE ah.anak_id = t.id
) jb ON TRUE LIMIT 25.
in D:\laragon\www\adinda-modis\plansys\components\models\CDbCommand.php (551)
in D:\laragon\www\adinda-modis\plansys\components\models\CDbCommand.php (401)
in D:\laragon\www\adinda-modis\plansys\components\ui\FormFields\SqlCriteria.php (226)
2023/09/19 14:09:59 [error] [system.db.CDbCommand] CDbCommand::fetchColumn() gagal: SQLSTATE[42703]: Undefined column: 7 ERROR:  column ah.jabatan_id does not exist
LINE 3: SELECT JSONB_AGG(ah.jabatan_id) AS jabatan_id, STRING_AGG(j....
                         ^
HINT:  Perhaps you meant to reference the column "ah.hambatan_id".. Statement SQL yang dijalankan: SELECT t.*, jk.nama AS jenis_kelamin FROM "anak" "t" INNER JOIN m_jenis_kelamin jk ON jk.id = t.jenis_kelamin_id
LEFT JOIN LATERAL (
SELECT JSONB_AGG(ah.jabatan_id) AS jabatan_id, STRING_AGG(j.nama, ', ' ORDER BY j.nama) AS jabatan
FROM anak_hambatan ah
INNER JOIN m_hambatan h on h.id = ah.hambatan_id
WHERE ah.anak_id = t.id
) jb ON TRUE LIMIT 25.
in D:\laragon\www\adinda-modis\plansys\components\models\CDbCommand.php (551)
in D:\laragon\www\adinda-modis\plansys\components\models\CDbCommand.php (401)
in D:\laragon\www\adinda-modis\plansys\components\ui\FormFields\SqlCriteria.php (226)
2023/09/19 14:09:59 [error] [system.db.CDbCommand] CDbCommand::fetchColumn() gagal: SQLSTATE[42703]: Undefined column: 7 ERROR:  column ah.jabatan_id does not exist
LINE 3: SELECT JSONB_AGG(ah.jabatan_id) AS jabatan_id, STRING_AGG(j....
                         ^
HINT:  Perhaps you meant to reference the column "ah.hambatan_id".. Statement SQL yang dijalankan: SELECT t.*, jk.nama AS jenis_kelamin FROM "anak" "t" INNER JOIN m_jenis_kelamin jk ON jk.id = t.jenis_kelamin_id
LEFT JOIN LATERAL (
SELECT JSONB_AGG(ah.jabatan_id) AS jabatan_id, STRING_AGG(j.nama, ', ' ORDER BY j.nama) AS jabatan
FROM anak_hambatan ah
INNER JOIN m_hambatan h on h.id = ah.hambatan_id
WHERE ah.anak_id = t.id
) jb ON TRUE LIMIT 25.
in D:\laragon\www\adinda-modis\plansys\components\models\CDbCommand.php (551)
in D:\laragon\www\adinda-modis\plansys\components\models\CDbCommand.php (401)
in D:\laragon\www\adinda-modis\plansys\components\ui\FormFields\SqlCriteria.php (226)
2023/09/19 14:10:05 [error] [system.db.CDbCommand] CDbCommand::fetchColumn() gagal: SQLSTATE[42703]: Undefined column: 7 ERROR:  column ah.hambata_id does not exist
LINE 3: SELECT JSONB_AGG(ah.hambata_id) AS jabatan_id, STRING_AGG(j....
                         ^
HINT:  Perhaps you meant to reference the column "ah.hambatan_id".. Statement SQL yang dijalankan: SELECT t.*, jk.nama AS jenis_kelamin FROM "anak" "t" INNER JOIN m_jenis_kelamin jk ON jk.id = t.jenis_kelamin_id
LEFT JOIN LATERAL (
SELECT JSONB_AGG(ah.hambata_id) AS jabatan_id, STRING_AGG(j.nama, ', ' ORDER BY j.nama) AS jabatan
FROM anak_hambatan ah
INNER JOIN m_hambatan h on h.id = ah.hambatan_id
WHERE ah.anak_id = t.id
) jb ON TRUE LIMIT 25.
in D:\laragon\www\adinda-modis\plansys\components\models\CDbCommand.php (551)
in D:\laragon\www\adinda-modis\plansys\components\models\CDbCommand.php (401)
in D:\laragon\www\adinda-modis\plansys\components\ui\FormFields\SqlCriteria.php (226)
2023/09/19 14:10:06 [error] [system.db.CDbCommand] CDbCommand::fetchColumn() gagal: SQLSTATE[42P01]: Undefined table: 7 ERROR:  missing FROM-clause entry for table "j"
LINE 3: ...ONB_AGG(ah.hambatan_id) AS jabatan_id, STRING_AGG(j.nama, ',...
                                                             ^. Statement SQL yang dijalankan: SELECT t.*, jk.nama AS jenis_kelamin FROM "anak" "t" INNER JOIN m_jenis_kelamin jk ON jk.id = t.jenis_kelamin_id
LEFT JOIN LATERAL (
SELECT JSONB_AGG(ah.hambatan_id) AS jabatan_id, STRING_AGG(j.nama, ', ' ORDER BY j.nama) AS jabatan
FROM anak_hambatan ah
INNER JOIN m_hambatan h on h.id = ah.hambatan_id
WHERE ah.anak_id = t.id
) jb ON TRUE LIMIT 25.
in D:\laragon\www\adinda-modis\plansys\components\models\CDbCommand.php (551)
in D:\laragon\www\adinda-modis\plansys\components\models\CDbCommand.php (401)
in D:\laragon\www\adinda-modis\plansys\components\ui\FormFields\SqlCriteria.php (226)
2023/09/19 14:10:12 [error] [system.db.CDbCommand] CDbCommand::fetchColumn() gagal: SQLSTATE[42P01]: Undefined table: 7 ERROR:  missing FROM-clause entry for table "j"
LINE 3: ...NB_AGG(ah.hambatan_id) AS hambatan_id, STRING_AGG(j.nama, ',...
                                                             ^. Statement SQL yang dijalankan: SELECT t.*, jk.nama AS jenis_kelamin FROM "anak" "t" INNER JOIN m_jenis_kelamin jk ON jk.id = t.jenis_kelamin_id
LEFT JOIN LATERAL (
SELECT JSONB_AGG(ah.hambatan_id) AS hambatan_id, STRING_AGG(j.nama, ', ' ORDER BY j.nama) AS jabatan
FROM anak_hambatan ah
INNER JOIN m_hambatan h on h.id = ah.hambatan_id
WHERE ah.anak_id = t.id
) jb ON TRUE LIMIT 25.
in D:\laragon\www\adinda-modis\plansys\components\models\CDbCommand.php (551)
in D:\laragon\www\adinda-modis\plansys\components\models\CDbCommand.php (401)
in D:\laragon\www\adinda-modis\plansys\components\ui\FormFields\SqlCriteria.php (226)
2023/09/19 14:10:15 [error] [system.db.CDbCommand] CDbCommand::fetchColumn() gagal: SQLSTATE[42P01]: Undefined table: 7 ERROR:  missing FROM-clause entry for table "j"
LINE 3: ... AS hambatan_id, STRING_AGG(h.nama, ', ' ORDER BY j.nama) AS...
                                                             ^. Statement SQL yang dijalankan: SELECT t.*, jk.nama AS jenis_kelamin FROM "anak" "t" INNER JOIN m_jenis_kelamin jk ON jk.id = t.jenis_kelamin_id
LEFT JOIN LATERAL (
SELECT JSONB_AGG(ah.hambatan_id) AS hambatan_id, STRING_AGG(h.nama, ', ' ORDER BY j.nama) AS jabatan
FROM anak_hambatan ah
INNER JOIN m_hambatan h on h.id = ah.hambatan_id
WHERE ah.anak_id = t.id
) jb ON TRUE LIMIT 25.
in D:\laragon\www\adinda-modis\plansys\components\models\CDbCommand.php (551)
in D:\laragon\www\adinda-modis\plansys\components\models\CDbCommand.php (401)
in D:\laragon\www\adinda-modis\plansys\components\ui\FormFields\SqlCriteria.php (226)
2023/09/19 14:10:38 [error] [system.db.CDbCommand] CDbCommand::fetchColumn() gagal: SQLSTATE[42601]: Syntax error: 7 ERROR:  syntax error at or near ""t""
LINE 1: ...CT t.*, jk.nama AS jenis_kelamin, hb. FROM "anak" "t" INNER ...
                                                             ^. Statement SQL yang dijalankan: SELECT t.*, jk.nama AS jenis_kelamin, hb. FROM "anak" "t" INNER JOIN m_jenis_kelamin jk ON jk.id = t.jenis_kelamin_id
LEFT JOIN LATERAL (
SELECT JSONB_AGG(ah.hambatan_id) AS hambatan_id, STRING_AGG(h.nama, ', ' ORDER BY h.nama) AS hambatan
FROM anak_hambatan ah
INNER JOIN m_hambatan h on h.id = ah.hambatan_id
WHERE ah.anak_id = t.id
) hb ON TRUE LIMIT 25.
in D:\laragon\www\adinda-modis\plansys\components\models\CDbCommand.php (551)
in D:\laragon\www\adinda-modis\plansys\components\models\CDbCommand.php (401)
in D:\laragon\www\adinda-modis\plansys\components\ui\FormFields\SqlCriteria.php (226)
2023/09/19 14:10:39 [error] [system.db.CDbCommand] CDbCommand::fetchColumn() gagal: SQLSTATE[42703]: Undefined column: 7 ERROR:  column hb.ha does not exist
LINE 1: SELECT t.*, jk.nama AS jenis_kelamin, hb.ha FROM "anak" "t" ...
                                              ^. Statement SQL yang dijalankan: SELECT t.*, jk.nama AS jenis_kelamin, hb.ha FROM "anak" "t" INNER JOIN m_jenis_kelamin jk ON jk.id = t.jenis_kelamin_id
LEFT JOIN LATERAL (
SELECT JSONB_AGG(ah.hambatan_id) AS hambatan_id, STRING_AGG(h.nama, ', ' ORDER BY h.nama) AS hambatan
FROM anak_hambatan ah
INNER JOIN m_hambatan h on h.id = ah.hambatan_id
WHERE ah.anak_id = t.id
) hb ON TRUE LIMIT 25.
in D:\laragon\www\adinda-modis\plansys\components\models\CDbCommand.php (551)
in D:\laragon\www\adinda-modis\plansys\components\models\CDbCommand.php (401)
in D:\laragon\www\adinda-modis\plansys\components\ui\FormFields\SqlCriteria.php (226)
2023/09/19 14:18:29 [error] [php] include(AdminUserOrangTua.php): failed to open stream: No such file or directory (D:\laragon\www\adinda-modis\plansys\framework\YiiBase.php:433)
Stack trace:
#0 D:\laragon\www\adinda-modis\plansys\components\ui\FormBuilder.php(71): spl_autoload_call()
#1 D:\laragon\www\adinda-modis\plansys\components\Controller.php(236): load()
#2 D:\laragon\www\adinda-modis\app\modules\admin\controllers\OrangTuaController.php(15): OrangTuaController->renderForm()
#3 D:\laragon\www\adinda-modis\plansys\framework\web\actions\CInlineAction.php(49): OrangTuaController->actionIndex()
#4 D:\laragon\www\adinda-modis\plansys\framework\web\CController.php(326): CInlineAction->runWithParams()
#5 D:\laragon\www\adinda-modis\plansys\framework\web\filters\CFilterChain.php(133): OrangTuaController->runAction()
#6 D:\laragon\www\adinda-modis\plansys\framework\web\filters\CFilter.php(40): CFilterChain->run()
#7 D:\laragon\www\adinda-modis\plansys\framework\web\CController.php(1164): CAccessControlFilter->filter()
#8 D:\laragon\www\adinda-modis\plansys\framework\web\filters\CInlineFilter.php(58): OrangTuaController->filterAccessControl()
#9 D:\laragon\www\adinda-modis\plansys\framework\web\filters\CFilterChain.php(130): CInlineFilter->filter()
#10 D:\laragon\www\adinda-modis\plansys\framework\web\CController.php(295): CFilterChain->run()
#11 D:\laragon\www\adinda-modis\plansys\framework\web\CController.php(268): OrangTuaController->runActionWithFilters()
#12 D:\laragon\www\adinda-modis\plansys\framework\web\CWebApplication.php(288): OrangTuaController->run()
#13 D:\laragon\www\adinda-modis\plansys\framework\web\CWebApplication.php(141): CWebApplication->runController()
#14 D:\laragon\www\adinda-modis\plansys\framework\base\CApplication.php(185): CWebApplication->processRequest()
#15 D:\laragon\www\adinda-modis\index.php(33): CWebApplication->run()
REQUEST_URI=/index.php?r=admin/OrangTua
in D:\laragon\www\adinda-modis\plansys\components\ui\FormBuilder.php (71)
in D:\laragon\www\adinda-modis\plansys\components\Controller.php (236)
in D:\laragon\www\adinda-modis\app\modules\admin\controllers\OrangTuaController.php (15)
2023/09/19 14:33:18 [error] [system.db.CDbCommand] CDbCommand::fetchColumn() gagal: SQLSTATE[42703]: Undefined column: 7 ERROR:  column t.is does not exist
LINE 1: SELECT * FROM "anak" "t" WHERE t.is ORDER BY t.nama
                                       ^
HINT:  Perhaps you meant to reference the column "t.id".. Statement SQL yang dijalankan: SELECT * FROM "anak" "t" WHERE t.is ORDER BY t.nama.
in D:\laragon\www\adinda-modis\plansys\components\models\CDbCommand.php (551)
in D:\laragon\www\adinda-modis\plansys\components\models\CDbCommand.php (401)
in D:\laragon\www\adinda-modis\plansys\components\ui\FormFields\SqlCriteria.php (226)
2023/09/19 14:33:21 [error] [system.db.CDbCommand] CDbCommand::fetchColumn() gagal: SQLSTATE[42601]: Syntax error: 7 ERROR:  syntax error at or near "ORDER"
LINE 1: SELECT * FROM "anak" "t" WHERE t.is_aktif IS ORDER BY t.nama
                                                     ^. Statement SQL yang dijalankan: SELECT * FROM "anak" "t" WHERE t.is_aktif IS ORDER BY t.nama.
in D:\laragon\www\adinda-modis\plansys\components\models\CDbCommand.php (551)
in D:\laragon\www\adinda-modis\plansys\components\models\CDbCommand.php (401)
in D:\laragon\www\adinda-modis\plansys\components\ui\FormFields\SqlCriteria.php (226)
2023/09/19 14:33:26 [error] [system.db.CDbCommand] CDbCommand::fetchColumn() gagal: SQLSTATE[42883]: Undefined function: 7 ERROR:  operator does not exist: boolean = anak
LINE 1: SELECT * FROM "anak" "t" WHERE t.is_aktif = T ORDER BY t.nam...
                                                  ^
HINT:  No operator matches the given name and argument type(s). You might need to add explicit type casts.. Statement SQL yang dijalankan: SELECT * FROM "anak" "t" WHERE t.is_aktif = T ORDER BY t.nama.
in D:\laragon\www\adinda-modis\plansys\components\models\CDbCommand.php (551)
in D:\laragon\www\adinda-modis\plansys\components\models\CDbCommand.php (401)
in D:\laragon\www\adinda-modis\plansys\components\ui\FormFields\SqlCriteria.php (226)
2023/09/19 14:37:30 [error] [exception.CException] CException: Properti "CDbCriteria.message" tidak didefinisikan. in D:\laragon\www\adinda-modis\plansys\framework\base\CComponent.php:173
Stack trace:
#0 D:\laragon\www\adinda-modis\plansys\framework\db\schema\CDbCriteria.php(160): CComponent->__set('message', '{attributeLabel...')
#1 D:\laragon\www\adinda-modis\plansys\framework\db\schema\CDbCriteria.php(499): CDbCriteria->__construct(Array)
#2 D:\laragon\www\adinda-modis\plansys\framework\validators\CUniqueValidator.php(104): CDbCriteria->mergeWith(Array)
#3 D:\laragon\www\adinda-modis\plansys\framework\validators\CValidator.php(201): CUniqueValidator->validateAttribute(Object(AdminAnakTahunAjarForm), 'anak_id')
#4 D:\laragon\www\adinda-modis\plansys\framework\base\CModel.php(159): CValidator->validate(Object(AdminAnakTahunAjarForm), Array)
#5 D:\laragon\www\adinda-modis\plansys\components\models\ActiveRecord.php(1589): CModel->validate(NULL)
#6 D:\laragon\www\adinda-modis\app\modules\admin\controllers\AnakTahunAjarController.php(30): ActiveRecord->save()
#7 [internal function]: AnakTahunAjarController->actionEdit(NULL)
#8 D:\laragon\www\adinda-modis\plansys\framework\web\actions\CAction.php(109): ReflectionMethod->invokeArgs(Object(AnakTahunAjarController), Array)
#9 D:\laragon\www\adinda-modis\plansys\framework\web\actions\CInlineAction.php(47): CAction->runWithParamsInternal(Object(AnakTahunAjarController), Object(ReflectionMethod), Array)
#10 D:\laragon\www\adinda-modis\plansys\framework\web\CController.php(326): CInlineAction->runWithParams(Array)
#11 D:\laragon\www\adinda-modis\plansys\framework\web\filters\CFilterChain.php(133): CController->runAction(Object(CInlineAction))
#12 D:\laragon\www\adinda-modis\plansys\framework\web\filters\CFilter.php(40): CFilterChain->run()
#13 D:\laragon\www\adinda-modis\plansys\framework\web\CController.php(1164): CFilter->filter(Object(CFilterChain))
#14 D:\laragon\www\adinda-modis\plansys\framework\web\filters\CInlineFilter.php(58): CController->filterAccessControl(Object(CFilterChain))
#15 D:\laragon\www\adinda-modis\plansys\framework\web\filters\CFilterChain.php(130): CInlineFilter->filter(Object(CFilterChain))
#16 D:\laragon\www\adinda-modis\plansys\framework\web\CController.php(295): CFilterChain->run()
#17 D:\laragon\www\adinda-modis\plansys\framework\web\CController.php(268): CController->runActionWithFilters(Object(CInlineAction), Array)
#18 D:\laragon\www\adinda-modis\plansys\framework\web\CWebApplication.php(288): CController->run('edit')
#19 D:\laragon\www\adinda-modis\plansys\framework\web\CWebApplication.php(141): CWebApplication->runController('/admin/anakTahu...')
#20 D:\laragon\www\adinda-modis\plansys\framework\base\CApplication.php(185): CWebApplication->processRequest()
#21 D:\laragon\www\adinda-modis\index.php(33): CApplication->run()
#22 {main}
REQUEST_URI=/index.php?r=/admin/anakTahunAjar/edit
HTTP_REFERER=http://adinda-modis.test/index.php?r=/admin/anakTahunAjar/edit
---
2023/09/19 14:37:38 [error] [exception.CException] CException: Properti "CDbCriteria.messagge" tidak didefinisikan. in D:\laragon\www\adinda-modis\plansys\framework\base\CComponent.php:173
Stack trace:
#0 D:\laragon\www\adinda-modis\plansys\framework\db\schema\CDbCriteria.php(160): CComponent->__set('messagge', '{attributeLabel...')
#1 D:\laragon\www\adinda-modis\plansys\framework\db\schema\CDbCriteria.php(499): CDbCriteria->__construct(Array)
#2 D:\laragon\www\adinda-modis\plansys\framework\validators\CUniqueValidator.php(104): CDbCriteria->mergeWith(Array)
#3 D:\laragon\www\adinda-modis\plansys\framework\validators\CValidator.php(201): CUniqueValidator->validateAttribute(Object(AdminAnakTahunAjarForm), 'anak_id')
#4 D:\laragon\www\adinda-modis\plansys\framework\base\CModel.php(159): CValidator->validate(Object(AdminAnakTahunAjarForm), Array)
#5 D:\laragon\www\adinda-modis\plansys\components\models\ActiveRecord.php(1589): CModel->validate(NULL)
#6 D:\laragon\www\adinda-modis\app\modules\admin\controllers\AnakTahunAjarController.php(30): ActiveRecord->save()
#7 [internal function]: AnakTahunAjarController->actionEdit(NULL)
#8 D:\laragon\www\adinda-modis\plansys\framework\web\actions\CAction.php(109): ReflectionMethod->invokeArgs(Object(AnakTahunAjarController), Array)
#9 D:\laragon\www\adinda-modis\plansys\framework\web\actions\CInlineAction.php(47): CAction->runWithParamsInternal(Object(AnakTahunAjarController), Object(ReflectionMethod), Array)
#10 D:\laragon\www\adinda-modis\plansys\framework\web\CController.php(326): CInlineAction->runWithParams(Array)
#11 D:\laragon\www\adinda-modis\plansys\framework\web\filters\CFilterChain.php(133): CController->runAction(Object(CInlineAction))
#12 D:\laragon\www\adinda-modis\plansys\framework\web\filters\CFilter.php(40): CFilterChain->run()
#13 D:\laragon\www\adinda-modis\plansys\framework\web\CController.php(1164): CFilter->filter(Object(CFilterChain))
#14 D:\laragon\www\adinda-modis\plansys\framework\web\filters\CInlineFilter.php(58): CController->filterAccessControl(Object(CFilterChain))
#15 D:\laragon\www\adinda-modis\plansys\framework\web\filters\CFilterChain.php(130): CInlineFilter->filter(Object(CFilterChain))
#16 D:\laragon\www\adinda-modis\plansys\framework\web\CController.php(295): CFilterChain->run()
#17 D:\laragon\www\adinda-modis\plansys\framework\web\CController.php(268): CController->runActionWithFilters(Object(CInlineAction), Array)
#18 D:\laragon\www\adinda-modis\plansys\framework\web\CWebApplication.php(288): CController->run('edit')
#19 D:\laragon\www\adinda-modis\plansys\framework\web\CWebApplication.php(141): CWebApplication->runController('/admin/anakTahu...')
#20 D:\laragon\www\adinda-modis\plansys\framework\base\CApplication.php(185): CWebApplication->processRequest()
#21 D:\laragon\www\adinda-modis\index.php(33): CApplication->run()
#22 {main}
REQUEST_URI=/index.php?r=/admin/anakTahunAjar/edit
HTTP_REFERER=http://adinda-modis.test/index.php?r=/admin/anakTahunAjar/edit
---
2023/09/19 14:43:03 [error] [system.db.CDbCommand] CDbCommand::fetchColumn() gagal: SQLSTATE[42601]: Syntax error: 7 ERROR:  syntax error at or near "JO"
LINE 1: ..., "t"."is_aktif" FROM "anak_tahun_ajar" "t" INNER JO LIMIT 2...
                                                             ^. Statement SQL yang dijalankan: SELECT "t"."id", "t"."anak_id", "t"."tahun_ajar_id", "t"."jenis_layanan_id", "t"."kurikulum_id", "t"."terapis_nama", "t"."key_terapis_nama", "t"."kesimpulan", "t"."saran", "t"."is_aktif" FROM "anak_tahun_ajar" "t" INNER JO LIMIT 25.
in D:\laragon\www\adinda-modis\plansys\components\models\CDbCommand.php (551)
in D:\laragon\www\adinda-modis\plansys\components\models\CDbCommand.php (401)
in D:\laragon\www\adinda-modis\plansys\components\ui\FormFields\SqlCriteria.php (226)
2023/09/19 14:43:04 [error] [system.db.CDbCommand] CDbCommand::fetchColumn() gagal: SQLSTATE[42601]: Syntax error: 7 ERROR:  syntax error at or near "LIMIT"
LINE 1: ...."is_aktif" FROM "anak_tahun_ajar" "t" INNER JOIN m LIMIT 25
                                                               ^. Statement SQL yang dijalankan: SELECT "t"."id", "t"."anak_id", "t"."tahun_ajar_id", "t"."jenis_layanan_id", "t"."kurikulum_id", "t"."terapis_nama", "t"."key_terapis_nama", "t"."kesimpulan", "t"."saran", "t"."is_aktif" FROM "anak_tahun_ajar" "t" INNER JOIN m LIMIT 25.
in D:\laragon\www\adinda-modis\plansys\components\models\CDbCommand.php (551)
in D:\laragon\www\adinda-modis\plansys\components\models\CDbCommand.php (401)
in D:\laragon\www\adinda-modis\plansys\components\ui\FormFields\SqlCriteria.php (226)
2023/09/19 14:43:04 [error] [system.db.CDbCommand] CDbCommand::fetchColumn() gagal: SQLSTATE[42601]: Syntax error: 7 ERROR:  syntax error at or near "LIMIT"
LINE 1: ...s_aktif" FROM "anak_tahun_ajar" "t" INNER JOIN m_ta LIMIT 25
                                                               ^. Statement SQL yang dijalankan: SELECT "t"."id", "t"."anak_id", "t"."tahun_ajar_id", "t"."jenis_layanan_id", "t"."kurikulum_id", "t"."terapis_nama", "t"."key_terapis_nama", "t"."kesimpulan", "t"."saran", "t"."is_aktif" FROM "anak_tahun_ajar" "t" INNER JOIN m_ta LIMIT 25.
in D:\laragon\www\adinda-modis\plansys\components\models\CDbCommand.php (551)
in D:\laragon\www\adinda-modis\plansys\components\models\CDbCommand.php (401)
in D:\laragon\www\adinda-modis\plansys\components\ui\FormFields\SqlCriteria.php (226)
2023/09/19 14:43:07 [error] [system.db.CDbCommand] CDbCommand::fetchColumn() gagal: SQLSTATE[42601]: Syntax error: 7 ERROR:  syntax error at or near "LIMIT"
LINE 1: ... FROM "anak_tahun_ajar" "t" INNER JOIN m_tahun_ajar LIMIT 25
                                                               ^. Statement SQL yang dijalankan: SELECT "t"."id", "t"."anak_id", "t"."tahun_ajar_id", "t"."jenis_layanan_id", "t"."kurikulum_id", "t"."terapis_nama", "t"."key_terapis_nama", "t"."kesimpulan", "t"."saran", "t"."is_aktif" FROM "anak_tahun_ajar" "t" INNER JOIN m_tahun_ajar LIMIT 25.
in D:\laragon\www\adinda-modis\plansys\components\models\CDbCommand.php (551)
in D:\laragon\www\adinda-modis\plansys\components\models\CDbCommand.php (401)
in D:\laragon\www\adinda-modis\plansys\components\ui\FormFields\SqlCriteria.php (226)
2023/09/19 14:43:11 [error] [system.db.CDbCommand] CDbCommand::fetchColumn() gagal: SQLSTATE[42601]: Syntax error: 7 ERROR:  syntax error at or near "O"
LINE 1: ... "anak_tahun_ajar" "t" INNER JOIN m_tahun_ajar ta O LIMIT 25
                                                             ^. Statement SQL yang dijalankan: SELECT "t"."id", "t"."anak_id", "t"."tahun_ajar_id", "t"."jenis_layanan_id", "t"."kurikulum_id", "t"."terapis_nama", "t"."key_terapis_nama", "t"."kesimpulan", "t"."saran", "t"."is_aktif" FROM "anak_tahun_ajar" "t" INNER JOIN m_tahun_ajar ta O LIMIT 25.
in D:\laragon\www\adinda-modis\plansys\components\models\CDbCommand.php (551)
in D:\laragon\www\adinda-modis\plansys\components\models\CDbCommand.php (401)
in D:\laragon\www\adinda-modis\plansys\components\ui\FormFields\SqlCriteria.php (226)
2023/09/19 14:43:12 [error] [system.db.CDbCommand] CDbCommand::fetchColumn() gagal: SQLSTATE[42601]: Syntax error: 7 ERROR:  syntax error at or near "LIMIT"
LINE 1: ..."anak_tahun_ajar" "t" INNER JOIN m_tahun_ajar ta ON LIMIT 25
                                                               ^. Statement SQL yang dijalankan: SELECT "t"."id", "t"."anak_id", "t"."tahun_ajar_id", "t"."jenis_layanan_id", "t"."kurikulum_id", "t"."terapis_nama", "t"."key_terapis_nama", "t"."kesimpulan", "t"."saran", "t"."is_aktif" FROM "anak_tahun_ajar" "t" INNER JOIN m_tahun_ajar ta ON LIMIT 25.
in D:\laragon\www\adinda-modis\plansys\components\models\CDbCommand.php (551)
in D:\laragon\www\adinda-modis\plansys\components\models\CDbCommand.php (401)
in D:\laragon\www\adinda-modis\plansys\components\ui\FormFields\SqlCriteria.php (226)
2023/09/19 14:43:13 [error] [system.db.CDbCommand] CDbCommand::fetchColumn() gagal: SQLSTATE[42804]: Datatype mismatch: 7 ERROR:  argument of JOIN/ON must be type boolean, not type m_tahun_ajar
LINE 1: ...nak_tahun_ajar" "t" INNER JOIN m_tahun_ajar ta ON ta LIMIT 2...
                                                             ^. Statement SQL yang dijalankan: SELECT "t"."id", "t"."anak_id", "t"."tahun_ajar_id", "t"."jenis_layanan_id", "t"."kurikulum_id", "t"."terapis_nama", "t"."key_terapis_nama", "t"."kesimpulan", "t"."saran", "t"."is_aktif" FROM "anak_tahun_ajar" "t" INNER JOIN m_tahun_ajar ta ON ta LIMIT 25.
in D:\laragon\www\adinda-modis\plansys\components\models\CDbCommand.php (551)
in D:\laragon\www\adinda-modis\plansys\components\models\CDbCommand.php (401)
in D:\laragon\www\adinda-modis\plansys\components\ui\FormFields\SqlCriteria.php (226)
2023/09/19 14:43:15 [error] [system.db.CDbCommand] CDbCommand::fetchColumn() gagal: SQLSTATE[42601]: Syntax error: 7 ERROR:  syntax error at or near "LIMIT"
LINE 1: ...hun_ajar" "t" INNER JOIN m_tahun_ajar ta ON ta.id = LIMIT 25
                                                               ^. Statement SQL yang dijalankan: SELECT "t"."id", "t"."anak_id", "t"."tahun_ajar_id", "t"."jenis_layanan_id", "t"."kurikulum_id", "t"."terapis_nama", "t"."key_terapis_nama", "t"."kesimpulan", "t"."saran", "t"."is_aktif" FROM "anak_tahun_ajar" "t" INNER JOIN m_tahun_ajar ta ON ta.id = LIMIT 25.
in D:\laragon\www\adinda-modis\plansys\components\models\CDbCommand.php (551)
in D:\laragon\www\adinda-modis\plansys\components\models\CDbCommand.php (401)
in D:\laragon\www\adinda-modis\plansys\components\ui\FormFields\SqlCriteria.php (226)
2023/09/19 14:43:21 [error] [system.db.CDbCommand] CDbCommand::fetchColumn() gagal: SQLSTATE[42703]: Undefined column: 7 ERROR:  column t.tahun_ajar_ does not exist
LINE 1: ...n_ajar" "t" INNER JOIN m_tahun_ajar ta ON ta.id = t.tahun_aj...
                                                             ^
HINT:  Perhaps you meant to reference the column "t.tahun_ajar_id".. Statement SQL yang dijalankan: SELECT "t"."id", "t"."anak_id", "t"."tahun_ajar_id", "t"."jenis_layanan_id", "t"."kurikulum_id", "t"."terapis_nama", "t"."key_terapis_nama", "t"."kesimpulan", "t"."saran", "t"."is_aktif" FROM "anak_tahun_ajar" "t" INNER JOIN m_tahun_ajar ta ON ta.id = t.tahun_ajar_ LIMIT 25.
in D:\laragon\www\adinda-modis\plansys\components\models\CDbCommand.php (551)
in D:\laragon\www\adinda-modis\plansys\components\models\CDbCommand.php (401)
in D:\laragon\www\adinda-modis\plansys\components\ui\FormFields\SqlCriteria.php (226)
2023/09/19 14:43:27 [error] [system.db.CDbCommand] CDbCommand::fetchColumn() gagal: SQLSTATE[42601]: Syntax error: 7 ERROR:  syntax error at or near "FROM"
LINE 1: SELECT t.*, FROM "anak_tahun_ajar" "t" INNER JOIN m_tahun_aj...
                    ^. Statement SQL yang dijalankan: SELECT t.*, FROM "anak_tahun_ajar" "t" INNER JOIN m_tahun_ajar ta ON ta.id = t.tahun_ajar_id LIMIT 25.
in D:\laragon\www\adinda-modis\plansys\components\models\CDbCommand.php (551)
in D:\laragon\www\adinda-modis\plansys\components\models\CDbCommand.php (401)
in D:\laragon\www\adinda-modis\plansys\components\ui\FormFields\SqlCriteria.php (226)
2023/09/19 14:43:29 [error] [system.db.CDbCommand] CDbCommand::fetchColumn() gagal: SQLSTATE[42601]: Syntax error: 7 ERROR:  syntax error at or near ""t""
LINE 1: SELECT t.*, ta. FROM "anak_tahun_ajar" "t" INNER JOIN m_tahu...
                                               ^. Statement SQL yang dijalankan: SELECT t.*, ta. FROM "anak_tahun_ajar" "t" INNER JOIN m_tahun_ajar ta ON ta.id = t.tahun_ajar_id LIMIT 25.
in D:\laragon\www\adinda-modis\plansys\components\models\CDbCommand.php (551)
in D:\laragon\www\adinda-modis\plansys\components\models\CDbCommand.php (401)
in D:\laragon\www\adinda-modis\plansys\components\ui\FormFields\SqlCriteria.php (226)
2023/09/19 14:43:32 [error] [system.db.CDbCommand] CDbCommand::fetchColumn() gagal: SQLSTATE[42601]: Syntax error: 7 ERROR:  syntax error at or near ""anak_tahun_ajar""
LINE 1: SELECT t.*, ta.nama AS FROM "anak_tahun_ajar" "t" INNER JOIN...
                                    ^. Statement SQL yang dijalankan: SELECT t.*, ta.nama AS FROM "anak_tahun_ajar" "t" INNER JOIN m_tahun_ajar ta ON ta.id = t.tahun_ajar_id LIMIT 25.
in D:\laragon\www\adinda-modis\plansys\components\models\CDbCommand.php (551)
in D:\laragon\www\adinda-modis\plansys\components\models\CDbCommand.php (401)
in D:\laragon\www\adinda-modis\plansys\components\ui\FormFields\SqlCriteria.php (226)
2023/09/19 14:43:37 [error] [system.db.CDbCommand] CDbCommand::fetchColumn() gagal: SQLSTATE[42712]: Duplicate alias: 7 ERROR:  table name "ta" specified more than once. Statement SQL yang dijalankan: SELECT t.*, ta.nama AS tahun_ajar FROM "anak_tahun_ajar" "t" INNER JOIN m_tahun_ajar ta ON ta.id = t.tahun_ajar_id
INNER JOIN m_tahun_ajar ta ON ta.id = t.tahun_ajar_id LIMIT 25.
in D:\laragon\www\adinda-modis\plansys\components\models\CDbCommand.php (551)
in D:\laragon\www\adinda-modis\plansys\components\models\CDbCommand.php (401)
in D:\laragon\www\adinda-modis\plansys\components\ui\FormFields\SqlCriteria.php (226)
2023/09/19 14:43:43 [error] [system.db.CDbCommand] CDbCommand::fetchColumn() gagal: SQLSTATE[42P01]: Undefined table: 7 ERROR:  relation "m_layanan" does not exist
LINE 2: INNER JOIN m_layanan ta ON ta.id = t.tahun_ajar_id LIMIT 25
                   ^. Statement SQL yang dijalankan: SELECT t.*, ta.nama AS tahun_ajar FROM "anak_tahun_ajar" "t" INNER JOIN m_tahun_ajar ta ON ta.id = t.tahun_ajar_id
INNER JOIN m_layanan ta ON ta.id = t.tahun_ajar_id LIMIT 25.
in D:\laragon\www\adinda-modis\plansys\components\models\CDbCommand.php (551)
in D:\laragon\www\adinda-modis\plansys\components\models\CDbCommand.php (401)
in D:\laragon\www\adinda-modis\plansys\components\ui\FormFields\SqlCriteria.php (226)
2023/09/19 14:43:46 [error] [system.db.CDbCommand] CDbCommand::fetchColumn() gagal: SQLSTATE[42P01]: Undefined table: 7 ERROR:  relation "m_layanan" does not exist
LINE 2: INNER JOIN m_layanan l ON ta.id = t.tahun_ajar_id LIMIT 25
                   ^. Statement SQL yang dijalankan: SELECT t.*, ta.nama AS tahun_ajar FROM "anak_tahun_ajar" "t" INNER JOIN m_tahun_ajar ta ON ta.id = t.tahun_ajar_id
INNER JOIN m_layanan l ON ta.id = t.tahun_ajar_id LIMIT 25.
in D:\laragon\www\adinda-modis\plansys\components\models\CDbCommand.php (551)
in D:\laragon\www\adinda-modis\plansys\components\models\CDbCommand.php (401)
in D:\laragon\www\adinda-modis\plansys\components\ui\FormFields\SqlCriteria.php (226)
2023/09/19 14:43:47 [error] [system.db.CDbCommand] CDbCommand::fetchColumn() gagal: SQLSTATE[42P01]: Undefined table: 7 ERROR:  relation "m_layanan" does not exist
LINE 2: INNER JOIN m_layanan l ON ta.id = t.tahun_ajar_id LIMIT 25
                   ^. Statement SQL yang dijalankan: SELECT t.*, ta.nama AS tahun_ajar FROM "anak_tahun_ajar" "t" INNER JOIN m_tahun_ajar ta ON ta.id = t.tahun_ajar_id
INNER JOIN m_layanan l ON ta.id = t.tahun_ajar_id LIMIT 25.
in D:\laragon\www\adinda-modis\plansys\components\models\CDbCommand.php (551)
in D:\laragon\www\adinda-modis\plansys\components\models\CDbCommand.php (401)
in D:\laragon\www\adinda-modis\plansys\components\ui\FormFields\SqlCriteria.php (226)
2023/09/19 14:43:52 [error] [system.db.CDbCommand] CDbCommand::fetchColumn() gagal: SQLSTATE[42P01]: Undefined table: 7 ERROR:  relation "m_layanan" does not exist
LINE 2: INNER JOIN m_layanan l ON l.id = t.tahun_ajar_id LIMIT 25
                   ^. Statement SQL yang dijalankan: SELECT t.*, ta.nama AS tahun_ajar FROM "anak_tahun_ajar" "t" INNER JOIN m_tahun_ajar ta ON ta.id = t.tahun_ajar_id
INNER JOIN m_layanan l ON l.id = t.tahun_ajar_id LIMIT 25.
in D:\laragon\www\adinda-modis\plansys\components\models\CDbCommand.php (551)
in D:\laragon\www\adinda-modis\plansys\components\models\CDbCommand.php (401)
in D:\laragon\www\adinda-modis\plansys\components\ui\FormFields\SqlCriteria.php (226)
2023/09/19 14:43:56 [error] [system.db.CDbCommand] CDbCommand::fetchColumn() gagal: SQLSTATE[42P01]: Undefined table: 7 ERROR:  relation "m_layanan" does not exist
LINE 2: INNER JOIN m_layanan l ON l.id = t.layanan_id LIMIT 25
                   ^. Statement SQL yang dijalankan: SELECT t.*, ta.nama AS tahun_ajar FROM "anak_tahun_ajar" "t" INNER JOIN m_tahun_ajar ta ON ta.id = t.tahun_ajar_id
INNER JOIN m_layanan l ON l.id = t.layanan_id LIMIT 25.
in D:\laragon\www\adinda-modis\plansys\components\models\CDbCommand.php (551)
in D:\laragon\www\adinda-modis\plansys\components\models\CDbCommand.php (401)
in D:\laragon\www\adinda-modis\plansys\components\ui\FormFields\SqlCriteria.php (226)
2023/09/19 14:44:02 [error] [system.db.CDbCommand] CDbCommand::fetchColumn() gagal: SQLSTATE[42P01]: Undefined table: 7 ERROR:  relation "m_jenislayanan" does not exist
LINE 2: INNER JOIN m_jenislayanan l ON l.id = t.layanan_id LIMIT 25
                   ^. Statement SQL yang dijalankan: SELECT t.*, ta.nama AS tahun_ajar FROM "anak_tahun_ajar" "t" INNER JOIN m_tahun_ajar ta ON ta.id = t.tahun_ajar_id
INNER JOIN m_jenislayanan l ON l.id = t.layanan_id LIMIT 25.
in D:\laragon\www\adinda-modis\plansys\components\models\CDbCommand.php (551)
in D:\laragon\www\adinda-modis\plansys\components\models\CDbCommand.php (401)
in D:\laragon\www\adinda-modis\plansys\components\ui\FormFields\SqlCriteria.php (226)
2023/09/19 14:44:03 [error] [system.db.CDbCommand] CDbCommand::fetchColumn() gagal: SQLSTATE[42703]: Undefined column: 7 ERROR:  column t.layanan_id does not exist
LINE 2: INNER JOIN m_jenis_layanan l ON l.id = t.layanan_id LIMIT 25
                                               ^. Statement SQL yang dijalankan: SELECT t.*, ta.nama AS tahun_ajar FROM "anak_tahun_ajar" "t" INNER JOIN m_tahun_ajar ta ON ta.id = t.tahun_ajar_id
INNER JOIN m_jenis_layanan l ON l.id = t.layanan_id LIMIT 25.
in D:\laragon\www\adinda-modis\plansys\components\models\CDbCommand.php (551)
in D:\laragon\www\adinda-modis\plansys\components\models\CDbCommand.php (401)
in D:\laragon\www\adinda-modis\plansys\components\ui\FormFields\SqlCriteria.php (226)
2023/09/19 14:44:04 [error] [system.db.CDbCommand] CDbCommand::fetchColumn() gagal: SQLSTATE[42703]: Undefined column: 7 ERROR:  column t.layanan_id does not exist
LINE 2: INNER JOIN m_jenis_layanan l ON l.id = t.layanan_id LIMIT 25
                                               ^. Statement SQL yang dijalankan: SELECT t.*, ta.nama AS tahun_ajar FROM "anak_tahun_ajar" "t" INNER JOIN m_tahun_ajar ta ON ta.id = t.tahun_ajar_id
INNER JOIN m_jenis_layanan l ON l.id = t.layanan_id LIMIT 25.
in D:\laragon\www\adinda-modis\plansys\components\models\CDbCommand.php (551)
in D:\laragon\www\adinda-modis\plansys\components\models\CDbCommand.php (401)
in D:\laragon\www\adinda-modis\plansys\components\ui\FormFields\SqlCriteria.php (226)
2023/09/19 14:44:05 [error] [system.db.CDbCommand] CDbCommand::fetchColumn() gagal: SQLSTATE[42P01]: Undefined table: 7 ERROR:  missing FROM-clause entry for table "l"
LINE 2: INNER JOIN m_jenis_layanan jl ON l.id = t.layanan_id LIMIT 2...
                                         ^. Statement SQL yang dijalankan: SELECT t.*, ta.nama AS tahun_ajar FROM "anak_tahun_ajar" "t" INNER JOIN m_tahun_ajar ta ON ta.id = t.tahun_ajar_id
INNER JOIN m_jenis_layanan jl ON l.id = t.layanan_id LIMIT 25.
in D:\laragon\www\adinda-modis\plansys\components\models\CDbCommand.php (551)
in D:\laragon\www\adinda-modis\plansys\components\models\CDbCommand.php (401)
in D:\laragon\www\adinda-modis\plansys\components\ui\FormFields\SqlCriteria.php (226)
2023/09/19 14:44:07 [error] [system.db.CDbCommand] CDbCommand::fetchColumn() gagal: SQLSTATE[42703]: Undefined column: 7 ERROR:  column t.layanan_id does not exist
LINE 2: INNER JOIN m_jenis_layanan jl ON jl.id = t.layanan_id LIMIT ...
                                                 ^. Statement SQL yang dijalankan: SELECT t.*, ta.nama AS tahun_ajar FROM "anak_tahun_ajar" "t" INNER JOIN m_tahun_ajar ta ON ta.id = t.tahun_ajar_id
INNER JOIN m_jenis_layanan jl ON jl.id = t.layanan_id LIMIT 25.
in D:\laragon\www\adinda-modis\plansys\components\models\CDbCommand.php (551)
in D:\laragon\www\adinda-modis\plansys\components\models\CDbCommand.php (401)
in D:\laragon\www\adinda-modis\plansys\components\ui\FormFields\SqlCriteria.php (226)
2023/09/19 14:44:13 [error] [system.db.CDbCommand] CDbCommand::fetchColumn() gagal: SQLSTATE[42703]: Undefined column: 7 ERROR:  column t.jeilayanan_id does not exist
LINE 2: INNER JOIN m_jenis_layanan jl ON jl.id = t.jeilayanan_id LIM...
                                                 ^
HINT:  Perhaps you meant to reference the column "t.jenis_layanan_id".. Statement SQL yang dijalankan: SELECT t.*, ta.nama AS tahun_ajar FROM "anak_tahun_ajar" "t" INNER JOIN m_tahun_ajar ta ON ta.id = t.tahun_ajar_id
INNER JOIN m_jenis_layanan jl ON jl.id = t.jeilayanan_id LIMIT 25.
in D:\laragon\www\adinda-modis\plansys\components\models\CDbCommand.php (551)
in D:\laragon\www\adinda-modis\plansys\components\models\CDbCommand.php (401)
in D:\laragon\www\adinda-modis\plansys\components\ui\FormFields\SqlCriteria.php (226)
2023/09/19 14:44:15 [error] [system.db.CDbCommand] CDbCommand::fetchColumn() gagal: SQLSTATE[42703]: Undefined column: 7 ERROR:  column t.jenislayanan_id does not exist
LINE 2: INNER JOIN m_jenis_layanan jl ON jl.id = t.jenislayanan_id L...
                                                 ^
HINT:  Perhaps you meant to reference the column "t.jenis_layanan_id".. Statement SQL yang dijalankan: SELECT t.*, ta.nama AS tahun_ajar FROM "anak_tahun_ajar" "t" INNER JOIN m_tahun_ajar ta ON ta.id = t.tahun_ajar_id
INNER JOIN m_jenis_layanan jl ON jl.id = t.jenislayanan_id LIMIT 25.
in D:\laragon\www\adinda-modis\plansys\components\models\CDbCommand.php (551)
in D:\laragon\www\adinda-modis\plansys\components\models\CDbCommand.php (401)
in D:\laragon\www\adinda-modis\plansys\components\ui\FormFields\SqlCriteria.php (226)
2023/09/19 14:44:19 [error] [system.db.CDbCommand] CDbCommand::fetchColumn() gagal: SQLSTATE[42601]: Syntax error: 7 ERROR:  syntax error at or near "FROM"
LINE 1: SELECT t.*, ta.nama AS tahun_ajar, FROM "anak_tahun_ajar" "t...
                                           ^. Statement SQL yang dijalankan: SELECT t.*, ta.nama AS tahun_ajar, FROM "anak_tahun_ajar" "t" INNER JOIN m_tahun_ajar ta ON ta.id = t.tahun_ajar_id
INNER JOIN m_jenis_layanan jl ON jl.id = t.jenis_layanan_id LIMIT 25.
in D:\laragon\www\adinda-modis\plansys\components\models\CDbCommand.php (551)
in D:\laragon\www\adinda-modis\plansys\components\models\CDbCommand.php (401)
in D:\laragon\www\adinda-modis\plansys\components\ui\FormFields\SqlCriteria.php (226)
2023/09/19 14:44:52 [error] [system.db.CDbCommand] CDbCommand::fetchColumn() gagal: SQLSTATE[42601]: Syntax error: 7 ERROR:  syntax error at or near "JOIN"
LINE 2: INNER JOIN m_tahun_ajar ta ON ta.id = t.tahun_ajar_id
              ^. Statement SQL yang dijalankan: SELECT t.*, ta.nama AS tahun_ajar, jl.nama AS jenis_layanan FROM "anak_tahun_ajar" "t" INNER JOIN 
INNER JOIN m_tahun_ajar ta ON ta.id = t.tahun_ajar_id
INNER JOIN m_jenis_layanan jl ON jl.id = t.jenis_layanan_id LIMIT 25.
in D:\laragon\www\adinda-modis\plansys\components\models\CDbCommand.php (551)
in D:\laragon\www\adinda-modis\plansys\components\models\CDbCommand.php (401)
in D:\laragon\www\adinda-modis\plansys\components\ui\FormFields\SqlCriteria.php (226)
2023/09/19 14:44:53 [error] [system.db.CDbCommand] CDbCommand::fetchColumn() gagal: SQLSTATE[42601]: Syntax error: 7 ERROR:  syntax error at or near "LIMIT"
LINE 3: ...IN m_jenis_layanan jl ON jl.id = t.jenis_layanan_id LIMIT 25
                                                               ^. Statement SQL yang dijalankan: SELECT t.*, ta.nama AS tahun_ajar, jl.nama AS jenis_layanan FROM "anak_tahun_ajar" "t" INNER JOIN an
INNER JOIN m_tahun_ajar ta ON ta.id = t.tahun_ajar_id
INNER JOIN m_jenis_layanan jl ON jl.id = t.jenis_layanan_id LIMIT 25.
in D:\laragon\www\adinda-modis\plansys\components\models\CDbCommand.php (551)
in D:\laragon\www\adinda-modis\plansys\components\models\CDbCommand.php (401)
in D:\laragon\www\adinda-modis\plansys\components\ui\FormFields\SqlCriteria.php (226)
2023/09/19 14:44:54 [error] [system.db.CDbCommand] CDbCommand::fetchColumn() gagal: SQLSTATE[42601]: Syntax error: 7 ERROR:  syntax error at or near "LIMIT"
LINE 3: ...IN m_jenis_layanan jl ON jl.id = t.jenis_layanan_id LIMIT 25
                                                               ^. Statement SQL yang dijalankan: SELECT t.*, ta.nama AS tahun_ajar, jl.nama AS jenis_layanan FROM "anak_tahun_ajar" "t" INNER JOIN anak
INNER JOIN m_tahun_ajar ta ON ta.id = t.tahun_ajar_id
INNER JOIN m_jenis_layanan jl ON jl.id = t.jenis_layanan_id LIMIT 25.
in D:\laragon\www\adinda-modis\plansys\components\models\CDbCommand.php (551)
in D:\laragon\www\adinda-modis\plansys\components\models\CDbCommand.php (401)
in D:\laragon\www\adinda-modis\plansys\components\ui\FormFields\SqlCriteria.php (226)
2023/09/19 14:44:56 [error] [system.db.CDbCommand] CDbCommand::fetchColumn() gagal: SQLSTATE[42601]: Syntax error: 7 ERROR:  syntax error at or near "INNER"
LINE 2: INNER JOIN m_tahun_ajar ta ON ta.id = t.tahun_ajar_id
        ^. Statement SQL yang dijalankan: SELECT t.*, ta.nama AS tahun_ajar, jl.nama AS jenis_layanan FROM "anak_tahun_ajar" "t" INNER JOIN anak AS 
INNER JOIN m_tahun_ajar ta ON ta.id = t.tahun_ajar_id
INNER JOIN m_jenis_layanan jl ON jl.id = t.jenis_layanan_id LIMIT 25.
in D:\laragon\www\adinda-modis\plansys\components\models\CDbCommand.php (551)
in D:\laragon\www\adinda-modis\plansys\components\models\CDbCommand.php (401)
in D:\laragon\www\adinda-modis\plansys\components\ui\FormFields\SqlCriteria.php (226)
2023/09/19 14:45:00 [error] [system.db.CDbCommand] CDbCommand::fetchColumn() gagal: SQLSTATE[42804]: Datatype mismatch: 7 ERROR:  argument of JOIN/ON must be type boolean, not type integer
LINE 1: ...ayanan FROM "anak_tahun_ajar" "t" INNER JOIN anak a ON a.id 
                                                                  ^. Statement SQL yang dijalankan: SELECT t.*, ta.nama AS tahun_ajar, jl.nama AS jenis_layanan FROM "anak_tahun_ajar" "t" INNER JOIN anak a ON a.id 
INNER JOIN m_tahun_ajar ta ON ta.id = t.tahun_ajar_id
INNER JOIN m_jenis_layanan jl ON jl.id = t.jenis_layanan_id LIMIT 25.
in D:\laragon\www\adinda-modis\plansys\components\models\CDbCommand.php (551)
in D:\laragon\www\adinda-modis\plansys\components\models\CDbCommand.php (401)
in D:\laragon\www\adinda-modis\plansys\components\ui\FormFields\SqlCriteria.php (226)
2023/09/19 14:45:01 [error] [system.db.CDbCommand] CDbCommand::fetchColumn() gagal: SQLSTATE[42703]: Undefined column: 7 ERROR:  column t.inner does not exist
LINE 1: ...an FROM "anak_tahun_ajar" "t" INNER JOIN anak a ON a.id = t.
                                                                     ^. Statement SQL yang dijalankan: SELECT t.*, ta.nama AS tahun_ajar, jl.nama AS jenis_layanan FROM "anak_tahun_ajar" "t" INNER JOIN anak a ON a.id = t.
INNER JOIN m_tahun_ajar ta ON ta.id = t.tahun_ajar_id
INNER JOIN m_jenis_layanan jl ON jl.id = t.jenis_layanan_id LIMIT 25.
in D:\laragon\www\adinda-modis\plansys\components\models\CDbCommand.php (551)
in D:\laragon\www\adinda-modis\plansys\components\models\CDbCommand.php (401)
in D:\laragon\www\adinda-modis\plansys\components\ui\FormFields\SqlCriteria.php (226)
2023/09/19 14:45:09 [error] [system.db.CDbCommand] CDbCommand::fetchColumn() gagal: SQLSTATE[42P01]: Undefined table: 7 ERROR:  missing FROM-clause entry for table "asta"
LINE 1: SELECT t.*, a.nama, ASta.nama AS tahun_ajar, jl.nama AS jeni...
                            ^. Statement SQL yang dijalankan: SELECT t.*, a.nama, ASta.nama AS tahun_ajar, jl.nama AS jenis_layanan FROM "anak_tahun_ajar" "t" INNER JOIN anak a ON a.id = t.anak_id
INNER JOIN m_tahun_ajar ta ON ta.id = t.tahun_ajar_id
INNER JOIN m_jenis_layanan jl ON jl.id = t.jenis_layanan_id LIMIT 25.
in D:\laragon\www\adinda-modis\plansys\components\models\CDbCommand.php (551)
in D:\laragon\www\adinda-modis\plansys\components\models\CDbCommand.php (401)
in D:\laragon\www\adinda-modis\plansys\components\ui\FormFields\SqlCriteria.php (226)
2023/09/19 14:47:22 [error] [exception.Error] Error: Class '' not found in D:\laragon\www\adinda-modis\plansys\components\ui\FormFields\SqlCriteria.php:116
Stack trace:
#0 D:\laragon\www\adinda-modis\plansys\framework\web\actions\CInlineAction.php(49): SqlCriteria->actionPreviewSQL()
#1 D:\laragon\www\adinda-modis\plansys\framework\web\CController.php(326): CInlineAction->runWithParams(Array)
#2 D:\laragon\www\adinda-modis\plansys\framework\web\CController.php(290): CController->runAction(Object(CInlineAction))
#3 D:\laragon\www\adinda-modis\plansys\framework\web\CController.php(268): CController->runActionWithFilters(Object(CInlineAction), Array)
#4 D:\laragon\www\adinda-modis\plansys\framework\web\CWebApplication.php(288): CController->run('SqlCriteria.pre...')
#5 D:\laragon\www\adinda-modis\plansys\framework\web\CWebApplication.php(141): CWebApplication->runController('/formfield/SqlC...')
#6 D:\laragon\www\adinda-modis\plansys\framework\base\CApplication.php(185): CWebApplication->processRequest()
#7 D:\laragon\www\adinda-modis\index.php(33): CApplication->run()
#8 {main}
REQUEST_URI=/index.php?r=/formfield/SqlCriteria.previewSQL
HTTP_REFERER=http://adinda-modis.test/index.php?r=dev/forms/update&class=app.modules.admin.forms.intervensi.anakTahunAjar.AdminAnakTahunAjarIndex
---
2023/09/19 14:47:43 [error] [system.db.CDbCommand] CDbCommand::fetchColumn() gagal: SQLSTATE[42703]: Undefined column: 7 ERROR:  column "tru" does not exist
LINE 1: SELECT * FROM "kurikulum" "t" WHERE t.is_aktif = TRU ORDER B...
                                                         ^. Statement SQL yang dijalankan: SELECT * FROM "kurikulum" "t" WHERE t.is_aktif = TRU ORDER BY t.nama.
in D:\laragon\www\adinda-modis\plansys\components\models\CDbCommand.php (551)
in D:\laragon\www\adinda-modis\plansys\components\models\CDbCommand.php (401)
in D:\laragon\www\adinda-modis\plansys\components\ui\FormFields\SqlCriteria.php (226)
2023/09/19 14:48:19 [error] [system.db.CDbCommand] CDbCommand::fetchColumn() gagal: SQLSTATE[42601]: Syntax error: 7 ERROR:  syntax error at or near "DE"
LINE 1: ...LECT * FROM "m_tahun_ajar" "t" ORDER BY t.tanggal_selesai DE
                                                                     ^. Statement SQL yang dijalankan: SELECT * FROM "m_tahun_ajar" "t" ORDER BY t.tanggal_selesai DE.
in D:\laragon\www\adinda-modis\plansys\components\models\CDbCommand.php (551)
in D:\laragon\www\adinda-modis\plansys\components\models\CDbCommand.php (401)
in D:\laragon\www\adinda-modis\plansys\components\ui\FormFields\SqlCriteria.php (226)
2023/09/19 14:48:21 [error] [system.db.CDbCommand] CDbCommand::fetchColumn() gagal: SQLSTATE[42601]: Syntax error: 7 ERROR:  syntax error at or near "."
LINE 1: ...T * FROM "m_tahun_ajar" "t" ORDER BY t.tanggal_selesai DESC.
                                                                      ^. Statement SQL yang dijalankan: SELECT * FROM "m_tahun_ajar" "t" ORDER BY t.tanggal_selesai DESC..
in D:\laragon\www\adinda-modis\plansys\components\models\CDbCommand.php (551)
in D:\laragon\www\adinda-modis\plansys\components\models\CDbCommand.php (401)
in D:\laragon\www\adinda-modis\plansys\components\ui\FormFields\SqlCriteria.php (226)
2023/09/19 14:48:21 [error] [system.db.CDbCommand] CDbCommand::fetchColumn() gagal: SQLSTATE[42601]: Syntax error: 7 ERROR:  syntax error at or near "."
LINE 1: ...T * FROM "m_tahun_ajar" "t" ORDER BY t.tanggal_selesai DESC.
                                                                      ^. Statement SQL yang dijalankan: SELECT * FROM "m_tahun_ajar" "t" ORDER BY t.tanggal_selesai DESC..
in D:\laragon\www\adinda-modis\plansys\components\models\CDbCommand.php (551)
in D:\laragon\www\adinda-modis\plansys\components\models\CDbCommand.php (401)
in D:\laragon\www\adinda-modis\plansys\components\ui\FormFields\SqlCriteria.php (226)
2023/09/19 14:48:23 [error] [system.db.CDbCommand] CDbCommand::fetchColumn() gagal: SQLSTATE[42601]: Syntax error: 7 ERROR:  syntax error at end of input
LINE 1: ...T * FROM "m_tahun_ajar" "t" ORDER BY t.tanggal_selesai DESC,
                                                                       ^. Statement SQL yang dijalankan: SELECT * FROM "m_tahun_ajar" "t" ORDER BY t.tanggal_selesai DESC,.
in D:\laragon\www\adinda-modis\plansys\components\models\CDbCommand.php (551)
in D:\laragon\www\adinda-modis\plansys\components\models\CDbCommand.php (401)
in D:\laragon\www\adinda-modis\plansys\components\ui\FormFields\SqlCriteria.php (226)
2023/09/19 14:48:26 [error] [system.db.CDbCommand] CDbCommand::fetchColumn() gagal: SQLSTATE[42703]: Undefined column: 7 ERROR:  column t.tanggal_m does not exist
LINE 1: ..._tahun_ajar" "t" ORDER BY t.tanggal_selesai DESC, t.tanggal_...
                                                             ^. Statement SQL yang dijalankan: SELECT * FROM "m_tahun_ajar" "t" ORDER BY t.tanggal_selesai DESC, t.tanggal_m.
in D:\laragon\www\adinda-modis\plansys\components\models\CDbCommand.php (551)
in D:\laragon\www\adinda-modis\plansys\components\models\CDbCommand.php (401)
in D:\laragon\www\adinda-modis\plansys\components\ui\FormFields\SqlCriteria.php (226)
2023/09/19 14:48:27 [error] [system.db.CDbCommand] CDbCommand::fetchColumn() gagal: SQLSTATE[42601]: Syntax error: 7 ERROR:  syntax error at or near "DES"
LINE 1: ...ar" "t" ORDER BY t.tanggal_selesai DESC, t.tanggal_mulai DES
                                                                    ^. Statement SQL yang dijalankan: SELECT * FROM "m_tahun_ajar" "t" ORDER BY t.tanggal_selesai DESC, t.tanggal_mulai DES.
in D:\laragon\www\adinda-modis\plansys\components\models\CDbCommand.php (551)
in D:\laragon\www\adinda-modis\plansys\components\models\CDbCommand.php (401)
in D:\laragon\www\adinda-modis\plansys\components\ui\FormFields\SqlCriteria.php (226)
2023/09/19 14:49:01 [error] [system.db.CDbCommand] CDbCommand::fetchColumn() gagal: SQLSTATE[42712]: Duplicate alias: 7 ERROR:  table name "jl" specified more than once. Statement SQL yang dijalankan: SELECT t.*, a.nama AS anak, ta.nama AS tahun_ajar, jl.nama AS jenis_layanan FROM "anak_tahun_ajar" "t" INNER JOIN anak a ON a.id = t.anak_id
INNER JOIN m_tahun_ajar ta ON ta.id = t.tahun_ajar_id
INNER JOIN m_jenis_layanan jl ON jl.id = t.jenis_layanan_id
INNER JOIN m_jenis_layanan jl ON jl.id = t.jenis_layanan_id LIMIT 25.
in D:\laragon\www\adinda-modis\plansys\components\models\CDbCommand.php (551)
in D:\laragon\www\adinda-modis\plansys\components\models\CDbCommand.php (401)
in D:\laragon\www\adinda-modis\plansys\components\ui\FormFields\SqlCriteria.php (226)
2023/09/19 14:49:05 [error] [system.db.CDbCommand] CDbCommand::fetchColumn() gagal: SQLSTATE[42P01]: Undefined table: 7 ERROR:  relation "kur" does not exist
LINE 4: INNER JOIN kur jl ON jl.id = t.jenis_layanan_id LIMIT 25
                   ^. Statement SQL yang dijalankan: SELECT t.*, a.nama AS anak, ta.nama AS tahun_ajar, jl.nama AS jenis_layanan FROM "anak_tahun_ajar" "t" INNER JOIN anak a ON a.id = t.anak_id
INNER JOIN m_tahun_ajar ta ON ta.id = t.tahun_ajar_id
INNER JOIN m_jenis_layanan jl ON jl.id = t.jenis_layanan_id
INNER JOIN kur jl ON jl.id = t.jenis_layanan_id LIMIT 25.
in D:\laragon\www\adinda-modis\plansys\components\models\CDbCommand.php (551)
in D:\laragon\www\adinda-modis\plansys\components\models\CDbCommand.php (401)
in D:\laragon\www\adinda-modis\plansys\components\ui\FormFields\SqlCriteria.php (226)
2023/09/19 14:49:07 [error] [system.db.CDbCommand] CDbCommand::fetchColumn() gagal: SQLSTATE[42712]: Duplicate alias: 7 ERROR:  table name "jl" specified more than once. Statement SQL yang dijalankan: SELECT t.*, a.nama AS anak, ta.nama AS tahun_ajar, jl.nama AS jenis_layanan FROM "anak_tahun_ajar" "t" INNER JOIN anak a ON a.id = t.anak_id
INNER JOIN m_tahun_ajar ta ON ta.id = t.tahun_ajar_id
INNER JOIN m_jenis_layanan jl ON jl.id = t.jenis_layanan_id
INNER JOIN kurikulum jl ON jl.id = t.jenis_layanan_id LIMIT 25.
in D:\laragon\www\adinda-modis\plansys\components\models\CDbCommand.php (551)
in D:\laragon\www\adinda-modis\plansys\components\models\CDbCommand.php (401)
in D:\laragon\www\adinda-modis\plansys\components\ui\FormFields\SqlCriteria.php (226)
2023/09/19 14:49:22 [error] [system.db.CDbCommand] CDbCommand::fetchColumn() gagal: SQLSTATE[42601]: Syntax error: 7 ERROR:  syntax error at or near ""anak_tahun_ajar""
LINE 1: ...un_ajar, jl.nama AS jenis_layanan, k.nama AS FROM "anak_tahu...
                                                             ^. Statement SQL yang dijalankan: SELECT t.*, a.nama AS anak, ta.nama AS tahun_ajar, jl.nama AS jenis_layanan, k.nama AS FROM "anak_tahun_ajar" "t" INNER JOIN anak a ON a.id = t.anak_id
INNER JOIN m_tahun_ajar ta ON ta.id = t.tahun_ajar_id
INNER JOIN m_jenis_layanan jl ON jl.id = t.jenis_layanan_id
INNER JOIN kurikulum k ON k.id = t.kurikulum_id LIMIT 25.
in D:\laragon\www\adinda-modis\plansys\components\models\CDbCommand.php (551)
in D:\laragon\www\adinda-modis\plansys\components\models\CDbCommand.php (401)
in D:\laragon\www\adinda-modis\plansys\components\ui\FormFields\SqlCriteria.php (226)
2023/09/19 15:10:23 [error] [exception.Error] Error: Class 'FormsController' not found in D:\laragon\www\adinda-modis\plansys\components\ui\FormField.php(252) : eval()'d code:1
Stack trace:
#0 D:\laragon\www\adinda-modis\plansys\components\ui\FormField.php(252): eval()
#1 D:\laragon\www\adinda-modis\plansys\components\ui\FormField.php(228): FormField->evaluateExpression('FormsController...', Array)
#2 D:\laragon\www\adinda-modis\plansys\components\ui\FormFields\DropDownList.php(329): FormField->evaluate('FormsController...', true, Array)
#3 D:\laragon\www\adinda-modis\plansys\framework\web\actions\CInlineAction.php(49): DropDownList->actionProcessExpr()
#4 D:\laragon\www\adinda-modis\plansys\framework\web\CController.php(326): CInlineAction->runWithParams(Array)
#5 D:\laragon\www\adinda-modis\plansys\framework\web\CController.php(290): CController->runAction(Object(CInlineAction))
#6 D:\laragon\www\adinda-modis\plansys\framework\web\CController.php(268): CController->runActionWithFilters(Object(CInlineAction), Array)
#7 D:\laragon\www\adinda-modis\plansys\framework\web\CWebApplication.php(288): CController->run('DropDownList.pr...')
#8 D:\laragon\www\adinda-modis\plansys\framework\web\CWebApplication.php(141): CWebApplication->runController('formfield/DropD...')
#9 D:\laragon\www\adinda-modis\plansys\framework\base\CApplication.php(185): CWebApplication->processRequest()
#10 D:\laragon\www\adinda-modis\index.php(33): CApplication->run()
#11 {main}
REQUEST_URI=/index.php?r=formfield/DropDownList.processExpr
HTTP_REFERER=http://adinda-modis.test/index.php?r=dev/forms/update&class=app.modules.admin.forms.intervensi.anakTahunAjar.AdminAnakTahunAjarForm
---
2023/09/19 15:12:11 [error] [system.db.CDbCommand] CDbCommand::fetchColumn() gagal: SQLSTATE[42703]: Undefined column: 7 ERROR:  column t.is does not exist
LINE 1: SELECT * FROM "matriks_perencanaan" "t" WHERE t.is ORDER BY ...
                                                      ^
HINT:  Perhaps you meant to reference the column "t.id".. Statement SQL yang dijalankan: SELECT * FROM "matriks_perencanaan" "t" WHERE t.is ORDER BY t.nama.
in D:\laragon\www\adinda-modis\plansys\components\models\CDbCommand.php (551)
in D:\laragon\www\adinda-modis\plansys\components\models\CDbCommand.php (401)
in D:\laragon\www\adinda-modis\plansys\components\ui\FormFields\SqlCriteria.php (226)
2023/09/19 15:12:13 [error] [system.db.CDbCommand] CDbCommand::fetchColumn() gagal: SQLSTATE[42601]: Syntax error: 7 ERROR:  syntax error at or near "ORDER"
LINE 1: ...FROM "matriks_perencanaan" "t" WHERE t.is_aktif = ORDER BY t...
                                                             ^. Statement SQL yang dijalankan: SELECT * FROM "matriks_perencanaan" "t" WHERE t.is_aktif = ORDER BY t.nama.
in D:\laragon\www\adinda-modis\plansys\components\models\CDbCommand.php (551)
in D:\laragon\www\adinda-modis\plansys\components\models\CDbCommand.php (401)
in D:\laragon\www\adinda-modis\plansys\components\ui\FormFields\SqlCriteria.php (226)
2023/09/19 15:12:14 [error] [system.db.CDbCommand] CDbCommand::fetchColumn() gagal: SQLSTATE[42703]: Undefined column: 7 ERROR:  column "tr" does not exist
LINE 1: ...FROM "matriks_perencanaan" "t" WHERE t.is_aktif = TR ORDER B...
                                                             ^. Statement SQL yang dijalankan: SELECT * FROM "matriks_perencanaan" "t" WHERE t.is_aktif = TR ORDER BY t.nama.
in D:\laragon\www\adinda-modis\plansys\components\models\CDbCommand.php (551)
in D:\laragon\www\adinda-modis\plansys\components\models\CDbCommand.php (401)
in D:\laragon\www\adinda-modis\plansys\components\ui\FormFields\SqlCriteria.php (226)
2023/09/19 15:12:40 [error] [system.db.CDbCommand] CDbCommand::fetchColumn() gagal: SQLSTATE[42703]: Undefined column: 7 ERROR:  column t.ma does not exist
LINE 1: ...T * FROM "pegawai" "t" WHERE t.is_aktif = TRUE ORDER BY t.ma
                                                                   ^. Statement SQL yang dijalankan: SELECT * FROM "pegawai" "t" WHERE t.is_aktif = TRUE ORDER BY t.ma.
in D:\laragon\www\adinda-modis\plansys\components\models\CDbCommand.php (551)
in D:\laragon\www\adinda-modis\plansys\components\models\CDbCommand.php (401)
in D:\laragon\www\adinda-modis\plansys\components\ui\FormFields\SqlCriteria.php (226)
2023/09/19 15:25:42 [error] [exception.CHttpException.403] CHttpException in D:\laragon\www\adinda-modis\app\modules\admin\AdminModule.php:49
Stack trace:
#0 D:\laragon\www\adinda-modis\plansys\components\WebModule.php(15): AdminModule->accessControl(Object(BerandaController), Object(CInlineAction))
#1 D:\laragon\www\adinda-modis\plansys\framework\web\CController.php(263): WebModule->beforeControllerAction(Object(BerandaController), Object(CInlineAction))
#2 D:\laragon\www\adinda-modis\plansys\framework\web\CWebApplication.php(288): CController->run('')
#3 D:\laragon\www\adinda-modis\plansys\framework\web\CWebApplication.php(141): CWebApplication->runController('admin/beranda')
#4 D:\laragon\www\adinda-modis\plansys\framework\base\CApplication.php(185): CWebApplication->processRequest()
#5 D:\laragon\www\adinda-modis\index.php(33): CApplication->run()
#6 {main}
REQUEST_URI=/adinda-modis/index.php?r=admin/beranda
---
2023/10/18 16:02:10 [error] [exception.CHttpException.403] CHttpException in D:\laragon\www\adinda-modis\plansys\modules\dev\DevModule.php:53
Stack trace:
#0 D:\laragon\www\adinda-modis\plansys\modules\dev\DevModule.php(81): DevModule->accessControl(Object(GenModelController), Object(CInlineAction))
#1 D:\laragon\www\adinda-modis\plansys\framework\web\CController.php(263): DevModule->beforeControllerAction(Object(GenModelController), Object(CInlineAction))
#2 D:\laragon\www\adinda-modis\plansys\framework\web\CWebApplication.php(288): CController->run('index')
#3 D:\laragon\www\adinda-modis\plansys\framework\web\CWebApplication.php(141): CWebApplication->runController('dev/genModel/in...')
#4 D:\laragon\www\adinda-modis\plansys\framework\base\CApplication.php(185): CWebApplication->processRequest()
#5 D:\laragon\www\adinda-modis\index.php(33): CApplication->run()
#6 {main}
REQUEST_URI=/index.php?r=dev/genModel/index&active=app.MatriksPerencanaanItem
HTTP_REFERER=http://adinda-modis.test/index.php?r=dev/genModel/index&active=app.MatriksPerencanaanItem
---
2023/11/14 09:01:13 [error] [exception.Error] Error: Class 'FormsController' not found in D:\laragon\www\adinda-modis\plansys\components\ui\FormField.php(252) : eval()'d code:1
Stack trace:
#0 D:\laragon\www\adinda-modis\plansys\components\ui\FormField.php(252): eval()
#1 D:\laragon\www\adinda-modis\plansys\components\ui\FormField.php(228): FormField->evaluateExpression('FormsController...', Array)
#2 D:\laragon\www\adinda-modis\plansys\components\ui\FormFields\DropDownList.php(329): FormField->evaluate('FormsController...', true, Array)
#3 D:\laragon\www\adinda-modis\plansys\framework\web\actions\CInlineAction.php(49): DropDownList->actionProcessExpr()
#4 D:\laragon\www\adinda-modis\plansys\framework\web\CController.php(326): CInlineAction->runWithParams(Array)
#5 D:\laragon\www\adinda-modis\plansys\framework\web\CController.php(290): CController->runAction(Object(CInlineAction))
#6 D:\laragon\www\adinda-modis\plansys\framework\web\CController.php(268): CController->runActionWithFilters(Object(CInlineAction), Array)
#7 D:\laragon\www\adinda-modis\plansys\framework\web\CWebApplication.php(288): CController->run('DropDownList.pr...')
#8 D:\laragon\www\adinda-modis\plansys\framework\web\CWebApplication.php(141): CWebApplication->runController('formfield/DropD...')
#9 D:\laragon\www\adinda-modis\plansys\framework\base\CApplication.php(185): CWebApplication->processRequest()
#10 D:\laragon\www\adinda-modis\index.php(33): CApplication->run()
#11 {main}
REQUEST_URI=/index.php?r=formfield/DropDownList.processExpr
HTTP_REFERER=http://adinda-modis.test/index.php?r=dev/forms/update&class=app.modules.admin.forms.master.kurikulumAspek.AdminKurikulumAspekForm
---
2023/12/04 09:19:17 [error] [exception.CHttpException.403] CHttpException in D:\laragon\www\adinda-modis\plansys\modules\dev\DevModule.php:53
Stack trace:
#0 D:\laragon\www\adinda-modis\plansys\modules\dev\DevModule.php(81): DevModule->accessControl(Object(GenCtrlController), Object(CInlineAction))
#1 D:\laragon\www\adinda-modis\plansys\framework\web\CController.php(263): DevModule->beforeControllerAction(Object(GenCtrlController), Object(CInlineAction))
#2 D:\laragon\www\adinda-modis\plansys\framework\web\CWebApplication.php(288): CController->run('index')
#3 D:\laragon\www\adinda-modis\plansys\framework\web\CWebApplication.php(141): CWebApplication->runController('dev/genCtrl/ind...')
#4 D:\laragon\www\adinda-modis\plansys\framework\base\CApplication.php(185): CWebApplication->processRequest()
#5 D:\laragon\www\adinda-modis\index.php(33): CApplication->run()
#6 {main}
REQUEST_URI=/index.php?r=dev/genCtrl/index&active=app.admin.KurikulumKegiatanController
HTTP_REFERER=http://adinda-modis.test/index.php?r=dev/genCtrl/index&active=app.admin.KurikulumTargetController
---
2023/12/04 09:19:18 [error] [exception.CHttpException.403] CHttpException in D:\laragon\www\adinda-modis\plansys\modules\dev\DevModule.php:53
Stack trace:
#0 D:\laragon\www\adinda-modis\plansys\modules\dev\DevModule.php(81): DevModule->accessControl(Object(GenMenuController), Object(CInlineAction))
#1 D:\laragon\www\adinda-modis\plansys\framework\web\CController.php(263): DevModule->beforeControllerAction(Object(GenMenuController), Object(CInlineAction))
#2 D:\laragon\www\adinda-modis\plansys\framework\web\CWebApplication.php(288): CController->run('index')
#3 D:\laragon\www\adinda-modis\plansys\framework\web\CWebApplication.php(141): CWebApplication->runController('dev/genMenu/ind...')
#4 D:\laragon\www\adinda-modis\plansys\framework\base\CApplication.php(185): CWebApplication->processRequest()
#5 D:\laragon\www\adinda-modis\index.php(33): CApplication->run()
#6 {main}
REQUEST_URI=/index.php?r=dev/genMenu/index
HTTP_REFERER=http://adinda-modis.test/index.php?r=dev/genMenu/index
---
2023/12/04 09:19:18 [error] [exception.CHttpException.403] CHttpException in D:\laragon\www\adinda-modis\plansys\modules\dev\DevModule.php:53
Stack trace:
#0 D:\laragon\www\adinda-modis\plansys\modules\dev\DevModule.php(81): DevModule->accessControl(Object(GenModelController), Object(CInlineAction))
#1 D:\laragon\www\adinda-modis\plansys\framework\web\CController.php(263): DevModule->beforeControllerAction(Object(GenModelController), Object(CInlineAction))
#2 D:\laragon\www\adinda-modis\plansys\framework\web\CWebApplication.php(288): CController->run('index')
#3 D:\laragon\www\adinda-modis\plansys\framework\web\CWebApplication.php(141): CWebApplication->runController('dev/genModel/in...')
#4 D:\laragon\www\adinda-modis\plansys\framework\base\CApplication.php(185): CWebApplication->processRequest()
#5 D:\laragon\www\adinda-modis\index.php(33): CApplication->run()
#6 {main}
REQUEST_URI=/index.php?r=dev/genModel/index&active=app.AnakMatriksPerencanaan
HTTP_REFERER=http://adinda-modis.test/index.php?r=dev/genModel/index&active=app.AnakTahunAjar
---
2023/12/04 09:19:19 [error] [exception.CHttpException.403] CHttpException in D:\laragon\www\adinda-modis\plansys\modules\dev\DevModule.php:53
Stack trace:
#0 D:\laragon\www\adinda-modis\plansys\modules\dev\DevModule.php(81): DevModule->accessControl(Object(GenModelController), Object(CInlineAction))
#1 D:\laragon\www\adinda-modis\plansys\framework\web\CController.php(263): DevModule->beforeControllerAction(Object(GenModelController), Object(CInlineAction))
#2 D:\laragon\www\adinda-modis\plansys\framework\web\CWebApplication.php(288): CController->run('index')
#3 D:\laragon\www\adinda-modis\plansys\framework\web\CWebApplication.php(141): CWebApplication->runController('dev/genModel/in...')
#4 D:\laragon\www\adinda-modis\plansys\framework\base\CApplication.php(185): CWebApplication->processRequest()
#5 D:\laragon\www\adinda-modis\index.php(33): CApplication->run()
#6 {main}
REQUEST_URI=/index.php?r=dev/genModel/index&active=app.MatriksPerencanaanItem
HTTP_REFERER=http://adinda-modis.test/index.php?r=site/login&redir=%2F%2Fadinda-modis.test%2Findex.php%3Fr%3Ddev%2FgenModel%2Findex%26active%3Dapp.MatriksPerencanaanItem
---
2023/12/04 09:19:20 [error] [exception.CHttpException.403] CHttpException in D:\laragon\www\adinda-modis\plansys\modules\dev\DevModule.php:53
Stack trace:
#0 D:\laragon\www\adinda-modis\plansys\modules\dev\DevModule.php(81): DevModule->accessControl(Object(FormsController), Object(CInlineAction))
#1 D:\laragon\www\adinda-modis\plansys\framework\web\CController.php(263): DevModule->beforeControllerAction(Object(FormsController), Object(CInlineAction))
#2 D:\laragon\www\adinda-modis\plansys\framework\web\CWebApplication.php(288): CController->run('index')
#3 D:\laragon\www\adinda-modis\plansys\framework\web\CWebApplication.php(141): CWebApplication->runController('dev/forms/index')
#4 D:\laragon\www\adinda-modis\plansys\framework\base\CApplication.php(185): CWebApplication->processRequest()
#5 D:\laragon\www\adinda-modis\index.php(33): CApplication->run()
#6 {main}
REQUEST_URI=/index.php?r=dev/forms/index
HTTP_REFERER=http://adinda-modis.test/index.php?r=dev/forms/index
---
2023/12/04 09:19:20 [error] [exception.CHttpException.403] CHttpException in D:\laragon\www\adinda-modis\plansys\modules\dev\DevModule.php:53
Stack trace:
#0 D:\laragon\www\adinda-modis\plansys\modules\dev\DevModule.php(81): DevModule->accessControl(Object(GenCtrlController), Object(CInlineAction))
#1 D:\laragon\www\adinda-modis\plansys\framework\web\CController.php(263): DevModule->beforeControllerAction(Object(GenCtrlController), Object(CInlineAction))
#2 D:\laragon\www\adinda-modis\plansys\framework\web\CWebApplication.php(288): CController->run('index')
#3 D:\laragon\www\adinda-modis\plansys\framework\web\CWebApplication.php(141): CWebApplication->runController('dev/genCtrl/ind...')
#4 D:\laragon\www\adinda-modis\plansys\framework\base\CApplication.php(185): CWebApplication->processRequest()
#5 D:\laragon\www\adinda-modis\index.php(33): CApplication->run()
#6 {main}
REQUEST_URI=/index.php?r=dev/genCtrl/index&active=app.admin.PegawaiController
HTTP_REFERER=http://adinda-modis.test/index.php?r=dev/genCtrl/index&active=app.admin.OrangTuaController
---
2023/12/04 09:19:21 [error] [exception.CHttpException.403] CHttpException in D:\laragon\www\adinda-modis\plansys\modules\dev\DevModule.php:53
Stack trace:
#0 D:\laragon\www\adinda-modis\plansys\modules\dev\DevModule.php(81): DevModule->accessControl(Object(FormsController), Object(CInlineAction))
#1 D:\laragon\www\adinda-modis\plansys\framework\web\CController.php(263): DevModule->beforeControllerAction(Object(FormsController), Object(CInlineAction))
#2 D:\laragon\www\adinda-modis\plansys\framework\web\CWebApplication.php(288): CController->run('index')
#3 D:\laragon\www\adinda-modis\plansys\framework\web\CWebApplication.php(141): CWebApplication->runController('dev/forms/index')
#4 D:\laragon\www\adinda-modis\plansys\framework\base\CApplication.php(185): CWebApplication->processRequest()
#5 D:\laragon\www\adinda-modis\index.php(33): CApplication->run()
#6 {main}
REQUEST_URI=/index.php?r=dev/forms/index
HTTP_REFERER=http://adinda-modis.test/index.php?r=dev/forms/index
---
2023/12/04 09:19:22 [error] [exception.CHttpException.403] CHttpException in D:\laragon\www\adinda-modis\plansys\modules\dev\DevModule.php:53
Stack trace:
#0 D:\laragon\www\adinda-modis\plansys\modules\dev\DevModule.php(81): DevModule->accessControl(Object(FormsController), Object(CInlineAction))
#1 D:\laragon\www\adinda-modis\plansys\framework\web\CController.php(263): DevModule->beforeControllerAction(Object(FormsController), Object(CInlineAction))
#2 D:\laragon\www\adinda-modis\plansys\framework\web\CWebApplication.php(288): CController->run('index')
#3 D:\laragon\www\adinda-modis\plansys\framework\web\CWebApplication.php(141): CWebApplication->runController('dev/forms/index')
#4 D:\laragon\www\adinda-modis\plansys\framework\base\CApplication.php(185): CWebApplication->processRequest()
#5 D:\laragon\www\adinda-modis\index.php(33): CApplication->run()
#6 {main}
REQUEST_URI=/index.php?r=dev/forms/index
HTTP_REFERER=http://adinda-modis.test/index.php?r=dev/forms/index
---
2023/12/04 09:19:32 [error] [exception.CHttpException.403] CHttpException in D:\laragon\www\adinda-modis\plansys\modules\dev\DevModule.php:53
Stack trace:
#0 D:\laragon\www\adinda-modis\plansys\modules\dev\DevModule.php(81): DevModule->accessControl(Object(GenMenuController), Object(CInlineAction))
#1 D:\laragon\www\adinda-modis\plansys\framework\web\CController.php(263): DevModule->beforeControllerAction(Object(GenMenuController), Object(CInlineAction))
#2 D:\laragon\www\adinda-modis\plansys\framework\web\CWebApplication.php(288): CController->run('index')
#3 D:\laragon\www\adinda-modis\plansys\framework\web\CWebApplication.php(141): CWebApplication->runController('dev/genMenu/ind...')
#4 D:\laragon\www\adinda-modis\plansys\framework\base\CApplication.php(185): CWebApplication->processRequest()
#5 D:\laragon\www\adinda-modis\index.php(33): CApplication->run()
#6 {main}
REQUEST_URI=/index.php?r=dev/genMenu/index
HTTP_REFERER=http://adinda-modis.test/index.php?r=site/login&redir=%2F%2Fadinda-modis.test%2Findex.php%3Fr%3Ddev%2FgenMenu%2Findex
---
2023/12/04 09:27:15 [error] [exception.Error] Error: Call to undefined function site_url() in D:\laragon\www\adinda-modis\plansys\components\ui\FormFields\Text.php(139) : eval()'d code:25
Stack trace:
#0 D:\laragon\www\adinda-modis\plansys\components\ui\FormFields\Text.php(139): eval()
#1 D:\laragon\www\adinda-modis\plansys\components\ui\FormBuilder.php(1460): Text->render()
#2 D:\laragon\www\adinda-modis\plansys\components\ui\FormBuilder.php(1359): FormBuilder->renderInternal(Object(AdminBeranda), Array, Object(FormBuilder), Array)
#3 D:\laragon\www\adinda-modis\plansys\components\Controller.php(267): FormBuilder->render(Object(AdminBeranda), Array)
#4 D:\laragon\www\adinda-modis\app\modules\admin\controllers\BerandaController.php(18): Controller->renderForm('AdminBeranda', Object(AdminBeranda), Array, Array)
#5 D:\laragon\www\adinda-modis\plansys\framework\web\actions\CInlineAction.php(49): BerandaController->actionIndex()
#6 D:\laragon\www\adinda-modis\plansys\framework\web\CController.php(326): CInlineAction->runWithParams(Array)
#7 D:\laragon\www\adinda-modis\plansys\framework\web\filters\CFilterChain.php(133): CController->runAction(Object(CInlineAction))
#8 D:\laragon\www\adinda-modis\plansys\framework\web\filters\CFilter.php(40): CFilterChain->run()
#9 D:\laragon\www\adinda-modis\plansys\framework\web\CController.php(1164): CFilter->filter(Object(CFilterChain))
#10 D:\laragon\www\adinda-modis\plansys\framework\web\filters\CInlineFilter.php(58): CController->filterAccessControl(Object(CFilterChain))
#11 D:\laragon\www\adinda-modis\plansys\framework\web\filters\CFilterChain.php(130): CInlineFilter->filter(Object(CFilterChain))
#12 D:\laragon\www\adinda-modis\plansys\framework\web\CController.php(295): CFilterChain->run()
#13 D:\laragon\www\adinda-modis\plansys\framework\web\CController.php(268): CController->runActionWithFilters(Object(CInlineAction), Array)
#14 D:\laragon\www\adinda-modis\plansys\framework\web\CWebApplication.php(288): CController->run('')
#15 D:\laragon\www\adinda-modis\plansys\framework\web\CWebApplication.php(141): CWebApplication->runController('admin/beranda')
#16 D:\laragon\www\adinda-modis\plansys\framework\base\CApplication.php(185): CWebApplication->processRequest()
#17 D:\laragon\www\adinda-modis\index.php(33): CApplication->run()
#18 {main}
REQUEST_URI=/index.php?r=admin/beranda
---
2023/12/04 09:27:20 [error] [exception.Error] Error: Call to undefined function site_url() in D:\laragon\www\adinda-modis\plansys\components\ui\FormFields\Text.php(139) : eval()'d code:25
Stack trace:
#0 D:\laragon\www\adinda-modis\plansys\components\ui\FormFields\Text.php(139): eval()
#1 D:\laragon\www\adinda-modis\plansys\components\ui\FormBuilder.php(1460): Text->render()
#2 D:\laragon\www\adinda-modis\plansys\components\ui\FormBuilder.php(1359): FormBuilder->renderInternal(Object(AdminBeranda), Array, Object(FormBuilder), Array)
#3 D:\laragon\www\adinda-modis\plansys\components\Controller.php(267): FormBuilder->render(Object(AdminBeranda), Array)
#4 D:\laragon\www\adinda-modis\app\modules\admin\controllers\BerandaController.php(18): Controller->renderForm('AdminBeranda', Object(AdminBeranda), Array, Array)
#5 D:\laragon\www\adinda-modis\plansys\framework\web\actions\CInlineAction.php(49): BerandaController->actionIndex()
#6 D:\laragon\www\adinda-modis\plansys\framework\web\CController.php(326): CInlineAction->runWithParams(Array)
#7 D:\laragon\www\adinda-modis\plansys\framework\web\filters\CFilterChain.php(133): CController->runAction(Object(CInlineAction))
#8 D:\laragon\www\adinda-modis\plansys\framework\web\filters\CFilter.php(40): CFilterChain->run()
#9 D:\laragon\www\adinda-modis\plansys\framework\web\CController.php(1164): CFilter->filter(Object(CFilterChain))
#10 D:\laragon\www\adinda-modis\plansys\framework\web\filters\CInlineFilter.php(58): CController->filterAccessControl(Object(CFilterChain))
#11 D:\laragon\www\adinda-modis\plansys\framework\web\filters\CFilterChain.php(130): CInlineFilter->filter(Object(CFilterChain))
#12 D:\laragon\www\adinda-modis\plansys\framework\web\CController.php(295): CFilterChain->run()
#13 D:\laragon\www\adinda-modis\plansys\framework\web\CController.php(268): CController->runActionWithFilters(Object(CInlineAction), Array)
#14 D:\laragon\www\adinda-modis\plansys\framework\web\CWebApplication.php(288): CController->run('')
#15 D:\laragon\www\adinda-modis\plansys\framework\web\CWebApplication.php(141): CWebApplication->runController('admin/beranda')
#16 D:\laragon\www\adinda-modis\plansys\framework\base\CApplication.php(185): CWebApplication->processRequest()
#17 D:\laragon\www\adinda-modis\index.php(33): CApplication->run()
#18 {main}
REQUEST_URI=/index.php?r=admin/beranda
---
2023/12/04 09:27:31 [error] [exception.Error] Error: Call to undefined function site_url() in D:\laragon\www\adinda-modis\plansys\components\ui\FormFields\Text.php(139) : eval()'d code:25
Stack trace:
#0 D:\laragon\www\adinda-modis\plansys\components\ui\FormFields\Text.php(139): eval()
#1 D:\laragon\www\adinda-modis\plansys\components\ui\FormBuilder.php(1460): Text->render()
#2 D:\laragon\www\adinda-modis\plansys\components\ui\FormBuilder.php(1359): FormBuilder->renderInternal(NULL, Array, Object(FormBuilder), Array)
#3 D:\laragon\www\adinda-modis\plansys\components\Controller.php(267): FormBuilder->render(NULL, Array)
#4 D:\laragon\www\adinda-modis\app\modules\admin\controllers\BerandaController.php(17): Controller->renderForm('AdminBeranda', NULL, Array, Array)
#5 D:\laragon\www\adinda-modis\plansys\framework\web\actions\CInlineAction.php(49): BerandaController->actionIndex()
#6 D:\laragon\www\adinda-modis\plansys\framework\web\CController.php(326): CInlineAction->runWithParams(Array)
#7 D:\laragon\www\adinda-modis\plansys\framework\web\filters\CFilterChain.php(133): CController->runAction(Object(CInlineAction))
#8 D:\laragon\www\adinda-modis\plansys\framework\web\filters\CFilter.php(40): CFilterChain->run()
#9 D:\laragon\www\adinda-modis\plansys\framework\web\CController.php(1164): CFilter->filter(Object(CFilterChain))
#10 D:\laragon\www\adinda-modis\plansys\framework\web\filters\CInlineFilter.php(58): CController->filterAccessControl(Object(CFilterChain))
#11 D:\laragon\www\adinda-modis\plansys\framework\web\filters\CFilterChain.php(130): CInlineFilter->filter(Object(CFilterChain))
#12 D:\laragon\www\adinda-modis\plansys\framework\web\CController.php(295): CFilterChain->run()
#13 D:\laragon\www\adinda-modis\plansys\framework\web\CController.php(268): CController->runActionWithFilters(Object(CInlineAction), Array)
#14 D:\laragon\www\adinda-modis\plansys\framework\web\CWebApplication.php(288): CController->run('')
#15 D:\laragon\www\adinda-modis\plansys\framework\web\CWebApplication.php(141): CWebApplication->runController('admin/beranda')
#16 D:\laragon\www\adinda-modis\plansys\framework\base\CApplication.php(185): CWebApplication->processRequest()
#17 D:\laragon\www\adinda-modis\index.php(33): CApplication->run()
#18 {main}
REQUEST_URI=/index.php?r=admin/beranda
---
2023/12/04 09:27:32 [error] [exception.Error] Error: Call to undefined function site_url() in D:\laragon\www\adinda-modis\plansys\components\ui\FormFields\Text.php(139) : eval()'d code:25
Stack trace:
#0 D:\laragon\www\adinda-modis\plansys\components\ui\FormFields\Text.php(139): eval()
#1 D:\laragon\www\adinda-modis\plansys\components\ui\FormBuilder.php(1460): Text->render()
#2 D:\laragon\www\adinda-modis\plansys\components\ui\FormBuilder.php(1359): FormBuilder->renderInternal(NULL, Array, Object(FormBuilder), Array)
#3 D:\laragon\www\adinda-modis\plansys\components\Controller.php(267): FormBuilder->render(NULL, Array)
#4 D:\laragon\www\adinda-modis\app\modules\admin\controllers\BerandaController.php(17): Controller->renderForm('AdminBeranda', NULL, Array, Array)
#5 D:\laragon\www\adinda-modis\plansys\framework\web\actions\CInlineAction.php(49): BerandaController->actionIndex()
#6 D:\laragon\www\adinda-modis\plansys\framework\web\CController.php(326): CInlineAction->runWithParams(Array)
#7 D:\laragon\www\adinda-modis\plansys\framework\web\filters\CFilterChain.php(133): CController->runAction(Object(CInlineAction))
#8 D:\laragon\www\adinda-modis\plansys\framework\web\filters\CFilter.php(40): CFilterChain->run()
#9 D:\laragon\www\adinda-modis\plansys\framework\web\CController.php(1164): CFilter->filter(Object(CFilterChain))
#10 D:\laragon\www\adinda-modis\plansys\framework\web\filters\CInlineFilter.php(58): CController->filterAccessControl(Object(CFilterChain))
#11 D:\laragon\www\adinda-modis\plansys\framework\web\filters\CFilterChain.php(130): CInlineFilter->filter(Object(CFilterChain))
#12 D:\laragon\www\adinda-modis\plansys\framework\web\CController.php(295): CFilterChain->run()
#13 D:\laragon\www\adinda-modis\plansys\framework\web\CController.php(268): CController->runActionWithFilters(Object(CInlineAction), Array)
#14 D:\laragon\www\adinda-modis\plansys\framework\web\CWebApplication.php(288): CController->run('')
#15 D:\laragon\www\adinda-modis\plansys\framework\web\CWebApplication.php(141): CWebApplication->runController('admin/beranda')
#16 D:\laragon\www\adinda-modis\plansys\framework\base\CApplication.php(185): CWebApplication->processRequest()
#17 D:\laragon\www\adinda-modis\index.php(33): CApplication->run()
#18 {main}
REQUEST_URI=/index.php?r=admin/beranda
---
2023/12/07 14:19:01 [error] [exception.CHttpException.404] CHttpException: Tidak bisa mengurai request "admin/mAnak" in D:\laragon\www\adinda-modis\plansys\framework\web\CWebApplication.php:293
Stack trace:
#0 D:\laragon\www\adinda-modis\plansys\framework\web\CWebApplication.php(141): CWebApplication->runController('admin/mAnak')
#1 D:\laragon\www\adinda-modis\plansys\framework\base\CApplication.php(185): CWebApplication->processRequest()
#2 D:\laragon\www\adinda-modis\index.php(33): CApplication->run()
#3 {main}
REQUEST_URI=/adinda-modis/index.php?r=admin/mAnak
---
